--------------------------------------------------------------------------------
Release 12.2 Trace  (lin)
Copyright (c) 1995-2010 Xilinx, Inc.  All rights reserved.

/opt/xilinx/ISE_DS/ISE/bin/lin/unwrapped/trce -intstyle ise -v 3 -s 1 -n 3
-fastpaths -xml final_proj_v1_top.twx final_proj_v1_top.ncd -o
final_proj_v1_top.twr final_proj_v1_top.pcf -ucf final_proj_v1_top.ucf

Design file:              final_proj_v1_top.ncd
Physical constraint file: final_proj_v1_top.pcf
Device,package,speed:     xc5vlx110t,ff1136,-1 (PRODUCTION 1.70 2010-06-22, STEPPING level 0)
Report level:             verbose report

Environment Variable      Effect 
--------------------      ------ 
NONE                      No environment variables were set
--------------------------------------------------------------------------------

INFO:Timing:2752 - To get complete path coverage, use the unconstrained paths 
   option. All paths that are not constrained will be reported in the 
   unconstrained paths section(s) of the report.
INFO:Timing:3339 - The clock-to-out numbers in this timing report are based on 
   a 50 Ohm transmission line loading model.  For the details of this model, 
   and for more information on accounting for different loading conditions, 
   please see the device datasheet.

================================================================================
Timing constraint: TS_clock = PERIOD TIMEGRP "clock" 10 ns HIGH 50%;

 2916091492 paths analyzed, 23782 endpoints analyzed, 0 failing endpoints
 0 timing errors detected. (0 setup errors, 0 hold errors, 0 component switching limit errors)
 Minimum period is   9.931ns.
--------------------------------------------------------------------------------

Paths for end point midi_synth/note0/st8/q_15 (SLICE_X35Y128.D4), 8571640 paths
--------------------------------------------------------------------------------
Slack (setup path):     0.069ns (requirement - (data path - clock path skew + uncertainty))
  Source:               midi_synth/note0/freq_rom/dout_0 (FF)
  Destination:          midi_synth/note0/st8/q_15 (FF)
  Requirement:          10.000ns
  Data Path Delay:      9.820ns (Levels of Logic = 12)
  Clock Path Skew:      -0.076ns (1.361 - 1.437)
  Source Clock:         clk_IBUF rising at 0.000ns
  Destination Clock:    clk_IBUF rising at 10.000ns
  Clock Uncertainty:    0.035ns

  Clock Uncertainty:          0.035ns  ((TSJ^2 + TIJ^2)^1/2 + DJ) / 2 + PE
    Total System Jitter (TSJ):  0.070ns
    Total Input Jitter (TIJ):   0.000ns
    Discrete Jitter (DJ):       0.000ns
    Phase Error (PE):           0.000ns

  Maximum Data Path: midi_synth/note0/freq_rom/dout_0 to midi_synth/note0/st8/q_15
    Location             Delay type         Delay(ns)  Physical Resource
                                                       Logical Resource(s)
    -------------------------------------------------  -------------------
    SLICE_X34Y118.CQ     Tcko                  0.450   midi_synth/note0/freq_rom/dout<2>
                                                       midi_synth/note0/freq_rom/dout_0
    SLICE_X31Y121.AX     net (fanout=9)        0.686   midi_synth/note0/freq_rom/dout<0>
    SLICE_X31Y121.CMUX   Taxd                  0.622   midi_synth/note0/Madd_s3_cy<4>
                                                       midi_synth/note0/Madd_s3_cy<4>
    SLICE_X32Y121.D6     net (fanout=3)        0.498   midi_synth/note0/s3<3>
    SLICE_X32Y121.COUT   Topcyd                0.384   midi_synth/note0/Madd_s4_cy<3>
                                                       midi_synth/note0/Madd_s4_lut<3>
                                                       midi_synth/note0/Madd_s4_cy<3>
    SLICE_X32Y122.CIN    net (fanout=1)        0.000   midi_synth/note0/Madd_s4_cy<3>
    SLICE_X32Y122.BMUX   Tcinb                 0.342   midi_synth/note0/Madd_s4_cy<7>
                                                       midi_synth/note0/Madd_s4_cy<7>
    SLICE_X33Y122.AX     net (fanout=3)        0.974   midi_synth/note0/s4<5>
    SLICE_X33Y122.COUT   Taxcy                 0.439   midi_synth/note0/Madd_s5_cy<8>
                                                       midi_synth/note0/Madd_s5_cy<8>
    SLICE_X33Y123.CIN    net (fanout=1)        0.000   midi_synth/note0/Madd_s5_cy<8>
    SLICE_X33Y123.CMUX   Tcinc                 0.334   midi_synth/note0/Madd_s5_cy<12>
                                                       midi_synth/note0/Madd_s5_cy<12>
    SLICE_X37Y123.DX     net (fanout=3)        0.970   midi_synth/note0/s5<11>
    SLICE_X37Y123.COUT   Tdxcy                 0.242   midi_synth/note0/Madd_s6_cy<11>
                                                       midi_synth/note0/Madd_s6_cy<11>
    SLICE_X37Y124.CIN    net (fanout=1)        0.000   midi_synth/note0/Madd_s6_cy<11>
    SLICE_X37Y124.COUT   Tbyp                  0.104   midi_synth/note0/Madd_s6_cy<15>
                                                       midi_synth/note0/Madd_s6_cy<15>
    SLICE_X37Y125.CIN    net (fanout=1)        0.000   midi_synth/note0/Madd_s6_cy<15>
    SLICE_X37Y125.CMUX   Tcinc                 0.334   midi_synth/note0/Madd_s6_cy<19>
                                                       midi_synth/note0/Madd_s6_cy<19>
    SLICE_X34Y125.CX     net (fanout=3)        0.935   midi_synth/note0/s6<18>
    SLICE_X34Y125.DMUX   Tcxd                  0.415   midi_synth/note0/Madd_s7_cy<19>
                                                       midi_synth/note0/Madd_s7_cy<19>
    SLICE_X35Y125.DX     net (fanout=3)        0.825   midi_synth/note0/Madd_s8_lut<19>
    SLICE_X35Y125.COUT   Tdxcy                 0.242   midi_synth/note0/Madd_s8_cy<19>
                                                       midi_synth/note0/Madd_s8_cy<19>
    SLICE_X35Y126.CIN    net (fanout=1)        0.000   midi_synth/note0/Madd_s8_cy<19>
    SLICE_X35Y126.AMUX   Tcina                 0.271   midi_synth/note0/s8<22>
                                                       midi_synth/note0/Madd_s8_xor<22>
    SLICE_X35Y128.D4     net (fanout=20)       0.725   midi_synth/note0/s8<20>
    SLICE_X35Y128.CLK    Tas                   0.028   midi_synth/note0/st8/q<15>
                                                       midi_synth/note0/step8<15>1
                                                       midi_synth/note0/st8/q_15
    -------------------------------------------------  ---------------------------
    Total                                      9.820ns (4.207ns logic, 5.613ns route)
                                                       (42.8% logic, 57.2% route)

--------------------------------------------------------------------------------
Slack (setup path):     0.072ns (requirement - (data path - clock path skew + uncertainty))
  Source:               midi_synth/note0/freq_rom/dout_2 (FF)
  Destination:          midi_synth/note0/st8/q_15 (FF)
  Requirement:          10.000ns
  Data Path Delay:      9.817ns (Levels of Logic = 12)
  Clock Path Skew:      -0.076ns (1.361 - 1.437)
  Source Clock:         clk_IBUF rising at 0.000ns
  Destination Clock:    clk_IBUF rising at 10.000ns
  Clock Uncertainty:    0.035ns

  Clock Uncertainty:          0.035ns  ((TSJ^2 + TIJ^2)^1/2 + DJ) / 2 + PE
    Total System Jitter (TSJ):  0.070ns
    Total Input Jitter (TIJ):   0.000ns
    Discrete Jitter (DJ):       0.000ns
    Phase Error (PE):           0.000ns

  Maximum Data Path: midi_synth/note0/freq_rom/dout_2 to midi_synth/note0/st8/q_15
    Location             Delay type         Delay(ns)  Physical Resource
                                                       Logical Resource(s)
    -------------------------------------------------  -------------------
    SLICE_X34Y118.DQ     Tcko                  0.450   midi_synth/note0/freq_rom/dout<2>
                                                       midi_synth/note0/freq_rom/dout_2
    SLICE_X31Y121.B6     net (fanout=9)        0.632   midi_synth/note0/freq_rom/dout<2>
    SLICE_X31Y121.CMUX   Topbc                 0.673   midi_synth/note0/Madd_s3_cy<4>
                                                       midi_synth/note0/Madd_s3_lut<2>
                                                       midi_synth/note0/Madd_s3_cy<4>
    SLICE_X32Y121.D6     net (fanout=3)        0.498   midi_synth/note0/s3<3>
    SLICE_X32Y121.COUT   Topcyd                0.384   midi_synth/note0/Madd_s4_cy<3>
                                                       midi_synth/note0/Madd_s4_lut<3>
                                                       midi_synth/note0/Madd_s4_cy<3>
    SLICE_X32Y122.CIN    net (fanout=1)        0.000   midi_synth/note0/Madd_s4_cy<3>
    SLICE_X32Y122.BMUX   Tcinb                 0.342   midi_synth/note0/Madd_s4_cy<7>
                                                       midi_synth/note0/Madd_s4_cy<7>
    SLICE_X33Y122.AX     net (fanout=3)        0.974   midi_synth/note0/s4<5>
    SLICE_X33Y122.COUT   Taxcy                 0.439   midi_synth/note0/Madd_s5_cy<8>
                                                       midi_synth/note0/Madd_s5_cy<8>
    SLICE_X33Y123.CIN    net (fanout=1)        0.000   midi_synth/note0/Madd_s5_cy<8>
    SLICE_X33Y123.CMUX   Tcinc                 0.334   midi_synth/note0/Madd_s5_cy<12>
                                                       midi_synth/note0/Madd_s5_cy<12>
    SLICE_X37Y123.DX     net (fanout=3)        0.970   midi_synth/note0/s5<11>
    SLICE_X37Y123.COUT   Tdxcy                 0.242   midi_synth/note0/Madd_s6_cy<11>
                                                       midi_synth/note0/Madd_s6_cy<11>
    SLICE_X37Y124.CIN    net (fanout=1)        0.000   midi_synth/note0/Madd_s6_cy<11>
    SLICE_X37Y124.COUT   Tbyp                  0.104   midi_synth/note0/Madd_s6_cy<15>
                                                       midi_synth/note0/Madd_s6_cy<15>
    SLICE_X37Y125.CIN    net (fanout=1)        0.000   midi_synth/note0/Madd_s6_cy<15>
    SLICE_X37Y125.CMUX   Tcinc                 0.334   midi_synth/note0/Madd_s6_cy<19>
                                                       midi_synth/note0/Madd_s6_cy<19>
    SLICE_X34Y125.CX     net (fanout=3)        0.935   midi_synth/note0/s6<18>
    SLICE_X34Y125.DMUX   Tcxd                  0.415   midi_synth/note0/Madd_s7_cy<19>
                                                       midi_synth/note0/Madd_s7_cy<19>
    SLICE_X35Y125.DX     net (fanout=3)        0.825   midi_synth/note0/Madd_s8_lut<19>
    SLICE_X35Y125.COUT   Tdxcy                 0.242   midi_synth/note0/Madd_s8_cy<19>
                                                       midi_synth/note0/Madd_s8_cy<19>
    SLICE_X35Y126.CIN    net (fanout=1)        0.000   midi_synth/note0/Madd_s8_cy<19>
    SLICE_X35Y126.AMUX   Tcina                 0.271   midi_synth/note0/s8<22>
                                                       midi_synth/note0/Madd_s8_xor<22>
    SLICE_X35Y128.D4     net (fanout=20)       0.725   midi_synth/note0/s8<20>
    SLICE_X35Y128.CLK    Tas                   0.028   midi_synth/note0/st8/q<15>
                                                       midi_synth/note0/step8<15>1
                                                       midi_synth/note0/st8/q_15
    -------------------------------------------------  ---------------------------
    Total                                      9.817ns (4.258ns logic, 5.559ns route)
                                                       (43.4% logic, 56.6% route)

--------------------------------------------------------------------------------
Slack (setup path):     0.086ns (requirement - (data path - clock path skew + uncertainty))
  Source:               midi_synth/note0/freq_rom/dout_1 (FF)
  Destination:          midi_synth/note0/st8/q_15 (FF)
  Requirement:          10.000ns
  Data Path Delay:      9.803ns (Levels of Logic = 12)
  Clock Path Skew:      -0.076ns (1.361 - 1.437)
  Source Clock:         clk_IBUF rising at 0.000ns
  Destination Clock:    clk_IBUF rising at 10.000ns
  Clock Uncertainty:    0.035ns

  Clock Uncertainty:          0.035ns  ((TSJ^2 + TIJ^2)^1/2 + DJ) / 2 + PE
    Total System Jitter (TSJ):  0.070ns
    Total Input Jitter (TIJ):   0.000ns
    Discrete Jitter (DJ):       0.000ns
    Phase Error (PE):           0.000ns

  Maximum Data Path: midi_synth/note0/freq_rom/dout_1 to midi_synth/note0/st8/q_15
    Location             Delay type         Delay(ns)  Physical Resource
                                                       Logical Resource(s)
    -------------------------------------------------  -------------------
    SLICE_X34Y118.AQ     Tcko                  0.450   midi_synth/note0/freq_rom/dout<2>
                                                       midi_synth/note0/freq_rom/dout_1
    SLICE_X31Y121.A5     net (fanout=9)        0.607   midi_synth/note0/freq_rom/dout<1>
    SLICE_X31Y121.CMUX   Topac                 0.684   midi_synth/note0/Madd_s3_cy<4>
                                                       midi_synth/note0/Madd_s3_lut<1>
                                                       midi_synth/note0/Madd_s3_cy<4>
    SLICE_X32Y121.D6     net (fanout=3)        0.498   midi_synth/note0/s3<3>
    SLICE_X32Y121.COUT   Topcyd                0.384   midi_synth/note0/Madd_s4_cy<3>
                                                       midi_synth/note0/Madd_s4_lut<3>
                                                       midi_synth/note0/Madd_s4_cy<3>
    SLICE_X32Y122.CIN    net (fanout=1)        0.000   midi_synth/note0/Madd_s4_cy<3>
    SLICE_X32Y122.BMUX   Tcinb                 0.342   midi_synth/note0/Madd_s4_cy<7>
                                                       midi_synth/note0/Madd_s4_cy<7>
    SLICE_X33Y122.AX     net (fanout=3)        0.974   midi_synth/note0/s4<5>
    SLICE_X33Y122.COUT   Taxcy                 0.439   midi_synth/note0/Madd_s5_cy<8>
                                                       midi_synth/note0/Madd_s5_cy<8>
    SLICE_X33Y123.CIN    net (fanout=1)        0.000   midi_synth/note0/Madd_s5_cy<8>
    SLICE_X33Y123.CMUX   Tcinc                 0.334   midi_synth/note0/Madd_s5_cy<12>
                                                       midi_synth/note0/Madd_s5_cy<12>
    SLICE_X37Y123.DX     net (fanout=3)        0.970   midi_synth/note0/s5<11>
    SLICE_X37Y123.COUT   Tdxcy                 0.242   midi_synth/note0/Madd_s6_cy<11>
                                                       midi_synth/note0/Madd_s6_cy<11>
    SLICE_X37Y124.CIN    net (fanout=1)        0.000   midi_synth/note0/Madd_s6_cy<11>
    SLICE_X37Y124.COUT   Tbyp                  0.104   midi_synth/note0/Madd_s6_cy<15>
                                                       midi_synth/note0/Madd_s6_cy<15>
    SLICE_X37Y125.CIN    net (fanout=1)        0.000   midi_synth/note0/Madd_s6_cy<15>
    SLICE_X37Y125.CMUX   Tcinc                 0.334   midi_synth/note0/Madd_s6_cy<19>
                                                       midi_synth/note0/Madd_s6_cy<19>
    SLICE_X34Y125.CX     net (fanout=3)        0.935   midi_synth/note0/s6<18>
    SLICE_X34Y125.DMUX   Tcxd                  0.415   midi_synth/note0/Madd_s7_cy<19>
                                                       midi_synth/note0/Madd_s7_cy<19>
    SLICE_X35Y125.DX     net (fanout=3)        0.825   midi_synth/note0/Madd_s8_lut<19>
    SLICE_X35Y125.COUT   Tdxcy                 0.242   midi_synth/note0/Madd_s8_cy<19>
                                                       midi_synth/note0/Madd_s8_cy<19>
    SLICE_X35Y126.CIN    net (fanout=1)        0.000   midi_synth/note0/Madd_s8_cy<19>
    SLICE_X35Y126.AMUX   Tcina                 0.271   midi_synth/note0/s8<22>
                                                       midi_synth/note0/Madd_s8_xor<22>
    SLICE_X35Y128.D4     net (fanout=20)       0.725   midi_synth/note0/s8<20>
    SLICE_X35Y128.CLK    Tas                   0.028   midi_synth/note0/st8/q<15>
                                                       midi_synth/note0/step8<15>1
                                                       midi_synth/note0/st8/q_15
    -------------------------------------------------  ---------------------------
    Total                                      9.803ns (4.269ns logic, 5.534ns route)
                                                       (43.5% logic, 56.5% route)

--------------------------------------------------------------------------------

Paths for end point midi_synth/note0/st8/q_14 (SLICE_X35Y128.C4), 8571640 paths
--------------------------------------------------------------------------------
Slack (setup path):     0.070ns (requirement - (data path - clock path skew + uncertainty))
  Source:               midi_synth/note0/freq_rom/dout_0 (FF)
  Destination:          midi_synth/note0/st8/q_14 (FF)
  Requirement:          10.000ns
  Data Path Delay:      9.819ns (Levels of Logic = 12)
  Clock Path Skew:      -0.076ns (1.361 - 1.437)
  Source Clock:         clk_IBUF rising at 0.000ns
  Destination Clock:    clk_IBUF rising at 10.000ns
  Clock Uncertainty:    0.035ns

  Clock Uncertainty:          0.035ns  ((TSJ^2 + TIJ^2)^1/2 + DJ) / 2 + PE
    Total System Jitter (TSJ):  0.070ns
    Total Input Jitter (TIJ):   0.000ns
    Discrete Jitter (DJ):       0.000ns
    Phase Error (PE):           0.000ns

  Maximum Data Path: midi_synth/note0/freq_rom/dout_0 to midi_synth/note0/st8/q_14
    Location             Delay type         Delay(ns)  Physical Resource
                                                       Logical Resource(s)
    -------------------------------------------------  -------------------
    SLICE_X34Y118.CQ     Tcko                  0.450   midi_synth/note0/freq_rom/dout<2>
                                                       midi_synth/note0/freq_rom/dout_0
    SLICE_X31Y121.AX     net (fanout=9)        0.686   midi_synth/note0/freq_rom/dout<0>
    SLICE_X31Y121.CMUX   Taxd                  0.622   midi_synth/note0/Madd_s3_cy<4>
                                                       midi_synth/note0/Madd_s3_cy<4>
    SLICE_X32Y121.D6     net (fanout=3)        0.498   midi_synth/note0/s3<3>
    SLICE_X32Y121.COUT   Topcyd                0.384   midi_synth/note0/Madd_s4_cy<3>
                                                       midi_synth/note0/Madd_s4_lut<3>
                                                       midi_synth/note0/Madd_s4_cy<3>
    SLICE_X32Y122.CIN    net (fanout=1)        0.000   midi_synth/note0/Madd_s4_cy<3>
    SLICE_X32Y122.BMUX   Tcinb                 0.342   midi_synth/note0/Madd_s4_cy<7>
                                                       midi_synth/note0/Madd_s4_cy<7>
    SLICE_X33Y122.AX     net (fanout=3)        0.974   midi_synth/note0/s4<5>
    SLICE_X33Y122.COUT   Taxcy                 0.439   midi_synth/note0/Madd_s5_cy<8>
                                                       midi_synth/note0/Madd_s5_cy<8>
    SLICE_X33Y123.CIN    net (fanout=1)        0.000   midi_synth/note0/Madd_s5_cy<8>
    SLICE_X33Y123.CMUX   Tcinc                 0.334   midi_synth/note0/Madd_s5_cy<12>
                                                       midi_synth/note0/Madd_s5_cy<12>
    SLICE_X37Y123.DX     net (fanout=3)        0.970   midi_synth/note0/s5<11>
    SLICE_X37Y123.COUT   Tdxcy                 0.242   midi_synth/note0/Madd_s6_cy<11>
                                                       midi_synth/note0/Madd_s6_cy<11>
    SLICE_X37Y124.CIN    net (fanout=1)        0.000   midi_synth/note0/Madd_s6_cy<11>
    SLICE_X37Y124.COUT   Tbyp                  0.104   midi_synth/note0/Madd_s6_cy<15>
                                                       midi_synth/note0/Madd_s6_cy<15>
    SLICE_X37Y125.CIN    net (fanout=1)        0.000   midi_synth/note0/Madd_s6_cy<15>
    SLICE_X37Y125.CMUX   Tcinc                 0.334   midi_synth/note0/Madd_s6_cy<19>
                                                       midi_synth/note0/Madd_s6_cy<19>
    SLICE_X34Y125.CX     net (fanout=3)        0.935   midi_synth/note0/s6<18>
    SLICE_X34Y125.DMUX   Tcxd                  0.415   midi_synth/note0/Madd_s7_cy<19>
                                                       midi_synth/note0/Madd_s7_cy<19>
    SLICE_X35Y125.DX     net (fanout=3)        0.825   midi_synth/note0/Madd_s8_lut<19>
    SLICE_X35Y125.COUT   Tdxcy                 0.242   midi_synth/note0/Madd_s8_cy<19>
                                                       midi_synth/note0/Madd_s8_cy<19>
    SLICE_X35Y126.CIN    net (fanout=1)        0.000   midi_synth/note0/Madd_s8_cy<19>
    SLICE_X35Y126.AMUX   Tcina                 0.271   midi_synth/note0/s8<22>
                                                       midi_synth/note0/Madd_s8_xor<22>
    SLICE_X35Y128.C4     net (fanout=20)       0.723   midi_synth/note0/s8<20>
    SLICE_X35Y128.CLK    Tas                   0.029   midi_synth/note0/st8/q<15>
                                                       midi_synth/note0/step8<14>1
                                                       midi_synth/note0/st8/q_14
    -------------------------------------------------  ---------------------------
    Total                                      9.819ns (4.208ns logic, 5.611ns route)
                                                       (42.9% logic, 57.1% route)

--------------------------------------------------------------------------------
Slack (setup path):     0.073ns (requirement - (data path - clock path skew + uncertainty))
  Source:               midi_synth/note0/freq_rom/dout_2 (FF)
  Destination:          midi_synth/note0/st8/q_14 (FF)
  Requirement:          10.000ns
  Data Path Delay:      9.816ns (Levels of Logic = 12)
  Clock Path Skew:      -0.076ns (1.361 - 1.437)
  Source Clock:         clk_IBUF rising at 0.000ns
  Destination Clock:    clk_IBUF rising at 10.000ns
  Clock Uncertainty:    0.035ns

  Clock Uncertainty:          0.035ns  ((TSJ^2 + TIJ^2)^1/2 + DJ) / 2 + PE
    Total System Jitter (TSJ):  0.070ns
    Total Input Jitter (TIJ):   0.000ns
    Discrete Jitter (DJ):       0.000ns
    Phase Error (PE):           0.000ns

  Maximum Data Path: midi_synth/note0/freq_rom/dout_2 to midi_synth/note0/st8/q_14
    Location             Delay type         Delay(ns)  Physical Resource
                                                       Logical Resource(s)
    -------------------------------------------------  -------------------
    SLICE_X34Y118.DQ     Tcko                  0.450   midi_synth/note0/freq_rom/dout<2>
                                                       midi_synth/note0/freq_rom/dout_2
    SLICE_X31Y121.B6     net (fanout=9)        0.632   midi_synth/note0/freq_rom/dout<2>
    SLICE_X31Y121.CMUX   Topbc                 0.673   midi_synth/note0/Madd_s3_cy<4>
                                                       midi_synth/note0/Madd_s3_lut<2>
                                                       midi_synth/note0/Madd_s3_cy<4>
    SLICE_X32Y121.D6     net (fanout=3)        0.498   midi_synth/note0/s3<3>
    SLICE_X32Y121.COUT   Topcyd                0.384   midi_synth/note0/Madd_s4_cy<3>
                                                       midi_synth/note0/Madd_s4_lut<3>
                                                       midi_synth/note0/Madd_s4_cy<3>
    SLICE_X32Y122.CIN    net (fanout=1)        0.000   midi_synth/note0/Madd_s4_cy<3>
    SLICE_X32Y122.BMUX   Tcinb                 0.342   midi_synth/note0/Madd_s4_cy<7>
                                                       midi_synth/note0/Madd_s4_cy<7>
    SLICE_X33Y122.AX     net (fanout=3)        0.974   midi_synth/note0/s4<5>
    SLICE_X33Y122.COUT   Taxcy                 0.439   midi_synth/note0/Madd_s5_cy<8>
                                                       midi_synth/note0/Madd_s5_cy<8>
    SLICE_X33Y123.CIN    net (fanout=1)        0.000   midi_synth/note0/Madd_s5_cy<8>
    SLICE_X33Y123.CMUX   Tcinc                 0.334   midi_synth/note0/Madd_s5_cy<12>
                                                       midi_synth/note0/Madd_s5_cy<12>
    SLICE_X37Y123.DX     net (fanout=3)        0.970   midi_synth/note0/s5<11>
    SLICE_X37Y123.COUT   Tdxcy                 0.242   midi_synth/note0/Madd_s6_cy<11>
                                                       midi_synth/note0/Madd_s6_cy<11>
    SLICE_X37Y124.CIN    net (fanout=1)        0.000   midi_synth/note0/Madd_s6_cy<11>
    SLICE_X37Y124.COUT   Tbyp                  0.104   midi_synth/note0/Madd_s6_cy<15>
                                                       midi_synth/note0/Madd_s6_cy<15>
    SLICE_X37Y125.CIN    net (fanout=1)        0.000   midi_synth/note0/Madd_s6_cy<15>
    SLICE_X37Y125.CMUX   Tcinc                 0.334   midi_synth/note0/Madd_s6_cy<19>
                                                       midi_synth/note0/Madd_s6_cy<19>
    SLICE_X34Y125.CX     net (fanout=3)        0.935   midi_synth/note0/s6<18>
    SLICE_X34Y125.DMUX   Tcxd                  0.415   midi_synth/note0/Madd_s7_cy<19>
                                                       midi_synth/note0/Madd_s7_cy<19>
    SLICE_X35Y125.DX     net (fanout=3)        0.825   midi_synth/note0/Madd_s8_lut<19>
    SLICE_X35Y125.COUT   Tdxcy                 0.242   midi_synth/note0/Madd_s8_cy<19>
                                                       midi_synth/note0/Madd_s8_cy<19>
    SLICE_X35Y126.CIN    net (fanout=1)        0.000   midi_synth/note0/Madd_s8_cy<19>
    SLICE_X35Y126.AMUX   Tcina                 0.271   midi_synth/note0/s8<22>
                                                       midi_synth/note0/Madd_s8_xor<22>
    SLICE_X35Y128.C4     net (fanout=20)       0.723   midi_synth/note0/s8<20>
    SLICE_X35Y128.CLK    Tas                   0.029   midi_synth/note0/st8/q<15>
                                                       midi_synth/note0/step8<14>1
                                                       midi_synth/note0/st8/q_14
    -------------------------------------------------  ---------------------------
    Total                                      9.816ns (4.259ns logic, 5.557ns route)
                                                       (43.4% logic, 56.6% route)

--------------------------------------------------------------------------------
Slack (setup path):     0.087ns (requirement - (data path - clock path skew + uncertainty))
  Source:               midi_synth/note0/freq_rom/dout_1 (FF)
  Destination:          midi_synth/note0/st8/q_14 (FF)
  Requirement:          10.000ns
  Data Path Delay:      9.802ns (Levels of Logic = 12)
  Clock Path Skew:      -0.076ns (1.361 - 1.437)
  Source Clock:         clk_IBUF rising at 0.000ns
  Destination Clock:    clk_IBUF rising at 10.000ns
  Clock Uncertainty:    0.035ns

  Clock Uncertainty:          0.035ns  ((TSJ^2 + TIJ^2)^1/2 + DJ) / 2 + PE
    Total System Jitter (TSJ):  0.070ns
    Total Input Jitter (TIJ):   0.000ns
    Discrete Jitter (DJ):       0.000ns
    Phase Error (PE):           0.000ns

  Maximum Data Path: midi_synth/note0/freq_rom/dout_1 to midi_synth/note0/st8/q_14
    Location             Delay type         Delay(ns)  Physical Resource
                                                       Logical Resource(s)
    -------------------------------------------------  -------------------
    SLICE_X34Y118.AQ     Tcko                  0.450   midi_synth/note0/freq_rom/dout<2>
                                                       midi_synth/note0/freq_rom/dout_1
    SLICE_X31Y121.A5     net (fanout=9)        0.607   midi_synth/note0/freq_rom/dout<1>
    SLICE_X31Y121.CMUX   Topac                 0.684   midi_synth/note0/Madd_s3_cy<4>
                                                       midi_synth/note0/Madd_s3_lut<1>
                                                       midi_synth/note0/Madd_s3_cy<4>
    SLICE_X32Y121.D6     net (fanout=3)        0.498   midi_synth/note0/s3<3>
    SLICE_X32Y121.COUT   Topcyd                0.384   midi_synth/note0/Madd_s4_cy<3>
                                                       midi_synth/note0/Madd_s4_lut<3>
                                                       midi_synth/note0/Madd_s4_cy<3>
    SLICE_X32Y122.CIN    net (fanout=1)        0.000   midi_synth/note0/Madd_s4_cy<3>
    SLICE_X32Y122.BMUX   Tcinb                 0.342   midi_synth/note0/Madd_s4_cy<7>
                                                       midi_synth/note0/Madd_s4_cy<7>
    SLICE_X33Y122.AX     net (fanout=3)        0.974   midi_synth/note0/s4<5>
    SLICE_X33Y122.COUT   Taxcy                 0.439   midi_synth/note0/Madd_s5_cy<8>
                                                       midi_synth/note0/Madd_s5_cy<8>
    SLICE_X33Y123.CIN    net (fanout=1)        0.000   midi_synth/note0/Madd_s5_cy<8>
    SLICE_X33Y123.CMUX   Tcinc                 0.334   midi_synth/note0/Madd_s5_cy<12>
                                                       midi_synth/note0/Madd_s5_cy<12>
    SLICE_X37Y123.DX     net (fanout=3)        0.970   midi_synth/note0/s5<11>
    SLICE_X37Y123.COUT   Tdxcy                 0.242   midi_synth/note0/Madd_s6_cy<11>
                                                       midi_synth/note0/Madd_s6_cy<11>
    SLICE_X37Y124.CIN    net (fanout=1)        0.000   midi_synth/note0/Madd_s6_cy<11>
    SLICE_X37Y124.COUT   Tbyp                  0.104   midi_synth/note0/Madd_s6_cy<15>
                                                       midi_synth/note0/Madd_s6_cy<15>
    SLICE_X37Y125.CIN    net (fanout=1)        0.000   midi_synth/note0/Madd_s6_cy<15>
    SLICE_X37Y125.CMUX   Tcinc                 0.334   midi_synth/note0/Madd_s6_cy<19>
                                                       midi_synth/note0/Madd_s6_cy<19>
    SLICE_X34Y125.CX     net (fanout=3)        0.935   midi_synth/note0/s6<18>
    SLICE_X34Y125.DMUX   Tcxd                  0.415   midi_synth/note0/Madd_s7_cy<19>
                                                       midi_synth/note0/Madd_s7_cy<19>
    SLICE_X35Y125.DX     net (fanout=3)        0.825   midi_synth/note0/Madd_s8_lut<19>
    SLICE_X35Y125.COUT   Tdxcy                 0.242   midi_synth/note0/Madd_s8_cy<19>
                                                       midi_synth/note0/Madd_s8_cy<19>
    SLICE_X35Y126.CIN    net (fanout=1)        0.000   midi_synth/note0/Madd_s8_cy<19>
    SLICE_X35Y126.AMUX   Tcina                 0.271   midi_synth/note0/s8<22>
                                                       midi_synth/note0/Madd_s8_xor<22>
    SLICE_X35Y128.C4     net (fanout=20)       0.723   midi_synth/note0/s8<20>
    SLICE_X35Y128.CLK    Tas                   0.029   midi_synth/note0/st8/q<15>
                                                       midi_synth/note0/step8<14>1
                                                       midi_synth/note0/st8/q_14
    -------------------------------------------------  ---------------------------
    Total                                      9.802ns (4.270ns logic, 5.532ns route)
                                                       (43.6% logic, 56.4% route)

--------------------------------------------------------------------------------

Paths for end point midi_synth/note0/st8/q_19 (SLICE_X34Y128.D4), 8571640 paths
--------------------------------------------------------------------------------
Slack (setup path):     0.071ns (requirement - (data path - clock path skew + uncertainty))
  Source:               midi_synth/note0/freq_rom/dout_0 (FF)
  Destination:          midi_synth/note0/st8/q_19 (FF)
  Requirement:          10.000ns
  Data Path Delay:      9.843ns (Levels of Logic = 12)
  Clock Path Skew:      -0.051ns (1.386 - 1.437)
  Source Clock:         clk_IBUF rising at 0.000ns
  Destination Clock:    clk_IBUF rising at 10.000ns
  Clock Uncertainty:    0.035ns

  Clock Uncertainty:          0.035ns  ((TSJ^2 + TIJ^2)^1/2 + DJ) / 2 + PE
    Total System Jitter (TSJ):  0.070ns
    Total Input Jitter (TIJ):   0.000ns
    Discrete Jitter (DJ):       0.000ns
    Phase Error (PE):           0.000ns

  Maximum Data Path: midi_synth/note0/freq_rom/dout_0 to midi_synth/note0/st8/q_19
    Location             Delay type         Delay(ns)  Physical Resource
                                                       Logical Resource(s)
    -------------------------------------------------  -------------------
    SLICE_X34Y118.CQ     Tcko                  0.450   midi_synth/note0/freq_rom/dout<2>
                                                       midi_synth/note0/freq_rom/dout_0
    SLICE_X31Y121.AX     net (fanout=9)        0.686   midi_synth/note0/freq_rom/dout<0>
    SLICE_X31Y121.CMUX   Taxd                  0.622   midi_synth/note0/Madd_s3_cy<4>
                                                       midi_synth/note0/Madd_s3_cy<4>
    SLICE_X32Y121.D6     net (fanout=3)        0.498   midi_synth/note0/s3<3>
    SLICE_X32Y121.COUT   Topcyd                0.384   midi_synth/note0/Madd_s4_cy<3>
                                                       midi_synth/note0/Madd_s4_lut<3>
                                                       midi_synth/note0/Madd_s4_cy<3>
    SLICE_X32Y122.CIN    net (fanout=1)        0.000   midi_synth/note0/Madd_s4_cy<3>
    SLICE_X32Y122.BMUX   Tcinb                 0.342   midi_synth/note0/Madd_s4_cy<7>
                                                       midi_synth/note0/Madd_s4_cy<7>
    SLICE_X33Y122.AX     net (fanout=3)        0.974   midi_synth/note0/s4<5>
    SLICE_X33Y122.COUT   Taxcy                 0.439   midi_synth/note0/Madd_s5_cy<8>
                                                       midi_synth/note0/Madd_s5_cy<8>
    SLICE_X33Y123.CIN    net (fanout=1)        0.000   midi_synth/note0/Madd_s5_cy<8>
    SLICE_X33Y123.CMUX   Tcinc                 0.334   midi_synth/note0/Madd_s5_cy<12>
                                                       midi_synth/note0/Madd_s5_cy<12>
    SLICE_X37Y123.DX     net (fanout=3)        0.970   midi_synth/note0/s5<11>
    SLICE_X37Y123.COUT   Tdxcy                 0.242   midi_synth/note0/Madd_s6_cy<11>
                                                       midi_synth/note0/Madd_s6_cy<11>
    SLICE_X37Y124.CIN    net (fanout=1)        0.000   midi_synth/note0/Madd_s6_cy<11>
    SLICE_X37Y124.COUT   Tbyp                  0.104   midi_synth/note0/Madd_s6_cy<15>
                                                       midi_synth/note0/Madd_s6_cy<15>
    SLICE_X37Y125.CIN    net (fanout=1)        0.000   midi_synth/note0/Madd_s6_cy<15>
    SLICE_X37Y125.CMUX   Tcinc                 0.334   midi_synth/note0/Madd_s6_cy<19>
                                                       midi_synth/note0/Madd_s6_cy<19>
    SLICE_X34Y125.CX     net (fanout=3)        0.935   midi_synth/note0/s6<18>
    SLICE_X34Y125.DMUX   Tcxd                  0.415   midi_synth/note0/Madd_s7_cy<19>
                                                       midi_synth/note0/Madd_s7_cy<19>
    SLICE_X35Y125.DX     net (fanout=3)        0.825   midi_synth/note0/Madd_s8_lut<19>
    SLICE_X35Y125.COUT   Tdxcy                 0.242   midi_synth/note0/Madd_s8_cy<19>
                                                       midi_synth/note0/Madd_s8_cy<19>
    SLICE_X35Y126.CIN    net (fanout=1)        0.000   midi_synth/note0/Madd_s8_cy<19>
    SLICE_X35Y126.AMUX   Tcina                 0.271   midi_synth/note0/s8<22>
                                                       midi_synth/note0/Madd_s8_xor<22>
    SLICE_X34Y128.D4     net (fanout=20)       0.748   midi_synth/note0/s8<20>
    SLICE_X34Y128.CLK    Tas                   0.028   midi_synth/note0/st8/q<19>
                                                       midi_synth/note0/step8<19>1
                                                       midi_synth/note0/st8/q_19
    -------------------------------------------------  ---------------------------
    Total                                      9.843ns (4.207ns logic, 5.636ns route)
                                                       (42.7% logic, 57.3% route)

--------------------------------------------------------------------------------
Slack (setup path):     0.074ns (requirement - (data path - clock path skew + uncertainty))
  Source:               midi_synth/note0/freq_rom/dout_2 (FF)
  Destination:          midi_synth/note0/st8/q_19 (FF)
  Requirement:          10.000ns
  Data Path Delay:      9.840ns (Levels of Logic = 12)
  Clock Path Skew:      -0.051ns (1.386 - 1.437)
  Source Clock:         clk_IBUF rising at 0.000ns
  Destination Clock:    clk_IBUF rising at 10.000ns
  Clock Uncertainty:    0.035ns

  Clock Uncertainty:          0.035ns  ((TSJ^2 + TIJ^2)^1/2 + DJ) / 2 + PE
    Total System Jitter (TSJ):  0.070ns
    Total Input Jitter (TIJ):   0.000ns
    Discrete Jitter (DJ):       0.000ns
    Phase Error (PE):           0.000ns

  Maximum Data Path: midi_synth/note0/freq_rom/dout_2 to midi_synth/note0/st8/q_19
    Location             Delay type         Delay(ns)  Physical Resource
                                                       Logical Resource(s)
    -------------------------------------------------  -------------------
    SLICE_X34Y118.DQ     Tcko                  0.450   midi_synth/note0/freq_rom/dout<2>
                                                       midi_synth/note0/freq_rom/dout_2
    SLICE_X31Y121.B6     net (fanout=9)        0.632   midi_synth/note0/freq_rom/dout<2>
    SLICE_X31Y121.CMUX   Topbc                 0.673   midi_synth/note0/Madd_s3_cy<4>
                                                       midi_synth/note0/Madd_s3_lut<2>
                                                       midi_synth/note0/Madd_s3_cy<4>
    SLICE_X32Y121.D6     net (fanout=3)        0.498   midi_synth/note0/s3<3>
    SLICE_X32Y121.COUT   Topcyd                0.384   midi_synth/note0/Madd_s4_cy<3>
                                                       midi_synth/note0/Madd_s4_lut<3>
                                                       midi_synth/note0/Madd_s4_cy<3>
    SLICE_X32Y122.CIN    net (fanout=1)        0.000   midi_synth/note0/Madd_s4_cy<3>
    SLICE_X32Y122.BMUX   Tcinb                 0.342   midi_synth/note0/Madd_s4_cy<7>
                                                       midi_synth/note0/Madd_s4_cy<7>
    SLICE_X33Y122.AX     net (fanout=3)        0.974   midi_synth/note0/s4<5>
    SLICE_X33Y122.COUT   Taxcy                 0.439   midi_synth/note0/Madd_s5_cy<8>
                                                       midi_synth/note0/Madd_s5_cy<8>
    SLICE_X33Y123.CIN    net (fanout=1)        0.000   midi_synth/note0/Madd_s5_cy<8>
    SLICE_X33Y123.CMUX   Tcinc                 0.334   midi_synth/note0/Madd_s5_cy<12>
                                                       midi_synth/note0/Madd_s5_cy<12>
    SLICE_X37Y123.DX     net (fanout=3)        0.970   midi_synth/note0/s5<11>
    SLICE_X37Y123.COUT   Tdxcy                 0.242   midi_synth/note0/Madd_s6_cy<11>
                                                       midi_synth/note0/Madd_s6_cy<11>
    SLICE_X37Y124.CIN    net (fanout=1)        0.000   midi_synth/note0/Madd_s6_cy<11>
    SLICE_X37Y124.COUT   Tbyp                  0.104   midi_synth/note0/Madd_s6_cy<15>
                                                       midi_synth/note0/Madd_s6_cy<15>
    SLICE_X37Y125.CIN    net (fanout=1)        0.000   midi_synth/note0/Madd_s6_cy<15>
    SLICE_X37Y125.CMUX   Tcinc                 0.334   midi_synth/note0/Madd_s6_cy<19>
                                                       midi_synth/note0/Madd_s6_cy<19>
    SLICE_X34Y125.CX     net (fanout=3)        0.935   midi_synth/note0/s6<18>
    SLICE_X34Y125.DMUX   Tcxd                  0.415   midi_synth/note0/Madd_s7_cy<19>
                                                       midi_synth/note0/Madd_s7_cy<19>
    SLICE_X35Y125.DX     net (fanout=3)        0.825   midi_synth/note0/Madd_s8_lut<19>
    SLICE_X35Y125.COUT   Tdxcy                 0.242   midi_synth/note0/Madd_s8_cy<19>
                                                       midi_synth/note0/Madd_s8_cy<19>
    SLICE_X35Y126.CIN    net (fanout=1)        0.000   midi_synth/note0/Madd_s8_cy<19>
    SLICE_X35Y126.AMUX   Tcina                 0.271   midi_synth/note0/s8<22>
                                                       midi_synth/note0/Madd_s8_xor<22>
    SLICE_X34Y128.D4     net (fanout=20)       0.748   midi_synth/note0/s8<20>
    SLICE_X34Y128.CLK    Tas                   0.028   midi_synth/note0/st8/q<19>
                                                       midi_synth/note0/step8<19>1
                                                       midi_synth/note0/st8/q_19
    -------------------------------------------------  ---------------------------
    Total                                      9.840ns (4.258ns logic, 5.582ns route)
                                                       (43.3% logic, 56.7% route)

--------------------------------------------------------------------------------
Slack (setup path):     0.088ns (requirement - (data path - clock path skew + uncertainty))
  Source:               midi_synth/note0/freq_rom/dout_1 (FF)
  Destination:          midi_synth/note0/st8/q_19 (FF)
  Requirement:          10.000ns
  Data Path Delay:      9.826ns (Levels of Logic = 12)
  Clock Path Skew:      -0.051ns (1.386 - 1.437)
  Source Clock:         clk_IBUF rising at 0.000ns
  Destination Clock:    clk_IBUF rising at 10.000ns
  Clock Uncertainty:    0.035ns

  Clock Uncertainty:          0.035ns  ((TSJ^2 + TIJ^2)^1/2 + DJ) / 2 + PE
    Total System Jitter (TSJ):  0.070ns
    Total Input Jitter (TIJ):   0.000ns
    Discrete Jitter (DJ):       0.000ns
    Phase Error (PE):           0.000ns

  Maximum Data Path: midi_synth/note0/freq_rom/dout_1 to midi_synth/note0/st8/q_19
    Location             Delay type         Delay(ns)  Physical Resource
                                                       Logical Resource(s)
    -------------------------------------------------  -------------------
    SLICE_X34Y118.AQ     Tcko                  0.450   midi_synth/note0/freq_rom/dout<2>
                                                       midi_synth/note0/freq_rom/dout_1
    SLICE_X31Y121.A5     net (fanout=9)        0.607   midi_synth/note0/freq_rom/dout<1>
    SLICE_X31Y121.CMUX   Topac                 0.684   midi_synth/note0/Madd_s3_cy<4>
                                                       midi_synth/note0/Madd_s3_lut<1>
                                                       midi_synth/note0/Madd_s3_cy<4>
    SLICE_X32Y121.D6     net (fanout=3)        0.498   midi_synth/note0/s3<3>
    SLICE_X32Y121.COUT   Topcyd                0.384   midi_synth/note0/Madd_s4_cy<3>
                                                       midi_synth/note0/Madd_s4_lut<3>
                                                       midi_synth/note0/Madd_s4_cy<3>
    SLICE_X32Y122.CIN    net (fanout=1)        0.000   midi_synth/note0/Madd_s4_cy<3>
    SLICE_X32Y122.BMUX   Tcinb                 0.342   midi_synth/note0/Madd_s4_cy<7>
                                                       midi_synth/note0/Madd_s4_cy<7>
    SLICE_X33Y122.AX     net (fanout=3)        0.974   midi_synth/note0/s4<5>
    SLICE_X33Y122.COUT   Taxcy                 0.439   midi_synth/note0/Madd_s5_cy<8>
                                                       midi_synth/note0/Madd_s5_cy<8>
    SLICE_X33Y123.CIN    net (fanout=1)        0.000   midi_synth/note0/Madd_s5_cy<8>
    SLICE_X33Y123.CMUX   Tcinc                 0.334   midi_synth/note0/Madd_s5_cy<12>
                                                       midi_synth/note0/Madd_s5_cy<12>
    SLICE_X37Y123.DX     net (fanout=3)        0.970   midi_synth/note0/s5<11>
    SLICE_X37Y123.COUT   Tdxcy                 0.242   midi_synth/note0/Madd_s6_cy<11>
                                                       midi_synth/note0/Madd_s6_cy<11>
    SLICE_X37Y124.CIN    net (fanout=1)        0.000   midi_synth/note0/Madd_s6_cy<11>
    SLICE_X37Y124.COUT   Tbyp                  0.104   midi_synth/note0/Madd_s6_cy<15>
                                                       midi_synth/note0/Madd_s6_cy<15>
    SLICE_X37Y125.CIN    net (fanout=1)        0.000   midi_synth/note0/Madd_s6_cy<15>
    SLICE_X37Y125.CMUX   Tcinc                 0.334   midi_synth/note0/Madd_s6_cy<19>
                                                       midi_synth/note0/Madd_s6_cy<19>
    SLICE_X34Y125.CX     net (fanout=3)        0.935   midi_synth/note0/s6<18>
    SLICE_X34Y125.DMUX   Tcxd                  0.415   midi_synth/note0/Madd_s7_cy<19>
                                                       midi_synth/note0/Madd_s7_cy<19>
    SLICE_X35Y125.DX     net (fanout=3)        0.825   midi_synth/note0/Madd_s8_lut<19>
    SLICE_X35Y125.COUT   Tdxcy                 0.242   midi_synth/note0/Madd_s8_cy<19>
                                                       midi_synth/note0/Madd_s8_cy<19>
    SLICE_X35Y126.CIN    net (fanout=1)        0.000   midi_synth/note0/Madd_s8_cy<19>
    SLICE_X35Y126.AMUX   Tcina                 0.271   midi_synth/note0/s8<22>
                                                       midi_synth/note0/Madd_s8_xor<22>
    SLICE_X34Y128.D4     net (fanout=20)       0.748   midi_synth/note0/s8<20>
    SLICE_X34Y128.CLK    Tas                   0.028   midi_synth/note0/st8/q<19>
                                                       midi_synth/note0/step8<19>1
                                                       midi_synth/note0/st8/q_19
    -------------------------------------------------  ---------------------------
    Total                                      9.826ns (4.269ns logic, 5.557ns route)
                                                       (43.4% logic, 56.6% route)

--------------------------------------------------------------------------------

Hold Paths: TS_clock = PERIOD TIMEGRP "clock" 10 ns HIGH 50%;
--------------------------------------------------------------------------------

Paths for end point midi_synth/conditioner/next_sample_latch/q_4 (SLICE_X32Y56.AX), 1 path
--------------------------------------------------------------------------------
Slack (hold path):      0.327ns (requirement - (clock path skew + uncertainty - data path))
  Source:               midi_synth/mixer/Maddsub_AUX_d_19_mult0000 (DSP)
  Destination:          midi_synth/conditioner/next_sample_latch/q_4 (FF)
  Requirement:          0.000ns
  Data Path Delay:      0.312ns (Levels of Logic = 0)
  Clock Path Skew:      -0.015ns (0.593 - 0.608)
  Source Clock:         clk_IBUF rising at 10.000ns
  Destination Clock:    clk_IBUF rising at 10.000ns
  Clock Uncertainty:    0.000ns

  Minimum Data Path: midi_synth/mixer/Maddsub_AUX_d_19_mult0000 to midi_synth/conditioner/next_sample_latch/q_4
    Location             Delay type         Delay(ns)  Physical Resource
                                                       Logical Resource(s)
    -------------------------------------------------  -------------------
    DSP48_X0Y22.P4       Tdspcko_PP            0.190   midi_synth/mixer/Maddsub_AUX_d_19_mult0000
                                                       midi_synth/mixer/Maddsub_AUX_d_19_mult0000
    SLICE_X32Y56.AX      net (fanout=1)        0.358   midi_synth/next_sample<4>
    SLICE_X32Y56.CLK     Tckdi       (-Th)     0.236   midi_synth/conditioner/next_sample_latch/q<7>
                                                       midi_synth/conditioner/next_sample_latch/q_4
    -------------------------------------------------  ---------------------------
    Total                                      0.312ns (-0.046ns logic, 0.358ns route)
                                                       (-14.7% logic, 114.7% route)

--------------------------------------------------------------------------------

Paths for end point midi_synth/note1/dynamics/h5/fsm_state/q_1 (SLICE_X57Y39.C6), 1 path
--------------------------------------------------------------------------------
Slack (hold path):      0.342ns (requirement - (clock path skew + uncertainty - data path))
  Source:               midi_synth/note1/dynamics/h5/fsm_state/q_0 (FF)
  Destination:          midi_synth/note1/dynamics/h5/fsm_state/q_1 (FF)
  Requirement:          0.000ns
  Data Path Delay:      0.513ns (Levels of Logic = 1)
  Clock Path Skew:      0.171ns (1.400 - 1.229)
  Source Clock:         clk_IBUF rising at 10.000ns
  Destination Clock:    clk_IBUF rising at 10.000ns
  Clock Uncertainty:    0.000ns

  Minimum Data Path: midi_synth/note1/dynamics/h5/fsm_state/q_0 to midi_synth/note1/dynamics/h5/fsm_state/q_1
    Location             Delay type         Delay(ns)  Physical Resource
                                                       Logical Resource(s)
    -------------------------------------------------  -------------------
    SLICE_X57Y40.AQ      Tcko                  0.414   midi_synth/note1/dynamics/h5/fsm_state/q<0>
                                                       midi_synth/note1/dynamics/h5/fsm_state/q_0
    SLICE_X57Y39.C6      net (fanout=15)       0.294   midi_synth/note1/dynamics/h5/fsm_state/q<0>
    SLICE_X57Y39.CLK     Tah         (-Th)     0.195   midi_synth/note1/dynamics/h5/fsm_state/q<1>
                                                       midi_synth/note1/dynamics/h5/next_state<1>1
                                                       midi_synth/note1/dynamics/h5/fsm_state/q_1
    -------------------------------------------------  ---------------------------
    Total                                      0.513ns (0.219ns logic, 0.294ns route)
                                                       (42.7% logic, 57.3% route)

--------------------------------------------------------------------------------

Paths for end point midi_synth/note0/wave/addr8/q_15 (SLICE_X40Y140.A6), 1 path
--------------------------------------------------------------------------------
Slack (hold path):      0.389ns (requirement - (clock path skew + uncertainty - data path))
  Source:               midi_synth/note0/wave/addr8/q_20 (FF)
  Destination:          midi_synth/note0/wave/addr8/q_15 (FF)
  Requirement:          0.000ns
  Data Path Delay:      0.547ns (Levels of Logic = 1)
  Clock Path Skew:      0.158ns (1.519 - 1.361)
  Source Clock:         clk_IBUF rising at 10.000ns
  Destination Clock:    clk_IBUF rising at 10.000ns
  Clock Uncertainty:    0.000ns

  Minimum Data Path: midi_synth/note0/wave/addr8/q_20 to midi_synth/note0/wave/addr8/q_15
    Location             Delay type         Delay(ns)  Physical Resource
                                                       Logical Resource(s)
    -------------------------------------------------  -------------------
    SLICE_X40Y139.CQ     Tcko                  0.433   midi_synth/note0/wave/addr8/q<21>
                                                       midi_synth/note0/wave/addr8/q_20
    SLICE_X40Y140.A6     net (fanout=26)       0.333   midi_synth/note0/wave/addr8/q<20>
    SLICE_X40Y140.CLK    Tah         (-Th)     0.219   midi_synth/note0/wave/addr8/q<16>
                                                       midi_synth/note0/wave/next8_15_mux0002
                                                       midi_synth/note0/wave/addr8/q_15
    -------------------------------------------------  ---------------------------
    Total                                      0.547ns (0.214ns logic, 0.333ns route)
                                                       (39.1% logic, 60.9% route)

--------------------------------------------------------------------------------

Component Switching Limit Checks: TS_clock = PERIOD TIMEGRP "clock" 10 ns HIGH 50%;
--------------------------------------------------------------------------------
Slack: 7.778ns (period - min period limit)
  Period: 10.000ns
  Min period limit: 2.222ns (450.045MHz) (Tdspper_P)
  Physical resource: midi_synth/mixer/Maddsub_AUX_d_19_mult0000/CLK
  Logical resource: midi_synth/mixer/Maddsub_AUX_d_19_mult0000/CLK
  Location pin: DSP48_X0Y22.CLK
  Clock network: clk_IBUF
--------------------------------------------------------------------------------
Slack: 7.778ns (period - min period limit)
  Period: 10.000ns
  Min period limit: 2.222ns (450.045MHz) (Tdspper_P)
  Physical resource: midi_synth/note3/dynamics/calc/scaler/Mmult_product1_mult0001/CLK
  Logical resource: midi_synth/note3/dynamics/calc/scaler/Mmult_product1_mult0001/CLK
  Location pin: DSP48_X0Y24.CLK
  Clock network: clk_IBUF
--------------------------------------------------------------------------------
Slack: 7.778ns (period - min period limit)
  Period: 10.000ns
  Min period limit: 2.222ns (450.045MHz) (Tdspper_P)
  Physical resource: midi_synth/note2/dynamics/calc/scaler/Mmult_product1_mult0001/CLK
  Logical resource: midi_synth/note2/dynamics/calc/scaler/Mmult_product1_mult0001/CLK
  Location pin: DSP48_X0Y12.CLK
  Clock network: clk_IBUF
--------------------------------------------------------------------------------


All constraints were met.


Data Sheet report:
-----------------
All values displayed in nanoseconds (ns)

Clock to Setup on destination clock clk
---------------+---------+---------+---------+---------+
               | Src:Rise| Src:Fall| Src:Rise| Src:Fall|
Source Clock   |Dest:Rise|Dest:Rise|Dest:Fall|Dest:Fall|
---------------+---------+---------+---------+---------+
clk            |    9.931|         |         |         |
---------------+---------+---------+---------+---------+


Timing summary:
---------------

Timing errors: 0  Score: 0  (Setup/Max: 0, Hold: 0)

Constraints cover 2916091492 paths, 0 nets, and 54670 connections

Design statistics:
   Minimum period:   9.931ns{1}   (Maximum frequency: 100.695MHz)


------------------------------------Footnotes-----------------------------------
1)  The minimum period statistic assumes all single cycle delays.

Analysis completed Sun Dec  9 21:04:26 2012 
--------------------------------------------------------------------------------

Trace Settings:
-------------------------
Trace Settings 

Peak Memory Usage: 410 MB



