--------------------------------------------------------------------------------
Release 12.2 Trace  (lin)
Copyright (c) 1995-2010 Xilinx, Inc.  All rights reserved.

/opt/xilinx/ISE_DS/ISE/bin/lin/unwrapped/trce -intstyle ise -v 3 -s 1 -n 3
-fastpaths -xml lab4_top.twx lab4_top.ncd -o lab4_top.twr lab4_top.pcf -ucf
lab4_top.ucf

Design file:              lab4_top.ncd
Physical constraint file: lab4_top.pcf
Device,package,speed:     xc5vlx110t,ff1136,-1 (PRODUCTION 1.70 2010-06-22, STEPPING level 0)
Report level:             verbose report

Environment Variable      Effect 
--------------------      ------ 
NONE                      No environment variables were set
--------------------------------------------------------------------------------

INFO:Timing:2752 - To get complete path coverage, use the unconstrained paths 
   option. All paths that are not constrained will be reported in the 
   unconstrained paths section(s) of the report.
INFO:Timing:3339 - The clock-to-out numbers in this timing report are based on 
   a 50 Ohm transmission line loading model.  For the details of this model, 
   and for more information on accounting for different loading conditions, 
   please see the device datasheet.

================================================================================
Timing constraint: TS_clock = PERIOD TIMEGRP "clk" 10 ns HIGH 50%;

 27404 paths analyzed, 872 endpoints analyzed, 0 failing endpoints
 0 timing errors detected. (0 setup errors, 0 hold errors, 0 component switching limit errors)
 Minimum period is   5.679ns.
--------------------------------------------------------------------------------

Paths for end point music_player/note_player/sin/addr/q_18 (SLICE_X61Y63.D1), 2625 paths
--------------------------------------------------------------------------------
Slack (setup path):     4.321ns (requirement - (data path - clock path skew + uncertainty))
  Source:               music_player/note_player/sin/addr/q_0 (FF)
  Destination:          music_player/note_player/sin/addr/q_18 (FF)
  Requirement:          10.000ns
  Data Path Delay:      5.451ns (Levels of Logic = 6)
  Clock Path Skew:      -0.193ns (1.149 - 1.342)
  Source Clock:         clk_IBUF rising at 0.000ns
  Destination Clock:    clk_IBUF rising at 10.000ns
  Clock Uncertainty:    0.035ns

  Clock Uncertainty:          0.035ns  ((TSJ^2 + TIJ^2)^1/2 + DJ) / 2 + PE
    Total System Jitter (TSJ):  0.070ns
    Total Input Jitter (TIJ):   0.000ns
    Discrete Jitter (DJ):       0.000ns
    Phase Error (PE):           0.000ns

  Maximum Data Path: music_player/note_player/sin/addr/q_0 to music_player/note_player/sin/addr/q_18
    Location             Delay type         Delay(ns)  Physical Resource
                                                       Logical Resource(s)
    -------------------------------------------------  -------------------
    SLICE_X65Y59.AQ      Tcko                  0.450   music_player/note_player/sin/addr/q<3>
                                                       music_player/note_player/sin/addr/q_0
    SLICE_X63Y59.AX      net (fanout=8)        0.848   music_player/note_player/sin/addr/q<0>
    SLICE_X63Y59.COUT    Taxcy                 0.439   music_player/note_player/sin/Msub__sub0002_cy<3>
                                                       music_player/note_player/sin/Msub__sub0002_cy<3>
    SLICE_X63Y60.CIN     net (fanout=1)        0.000   music_player/note_player/sin/Msub__sub0002_cy<3>
    SLICE_X63Y60.COUT    Tbyp                  0.104   music_player/note_player/sin/Msub__sub0002_cy<7>
                                                       music_player/note_player/sin/Msub__sub0002_cy<7>
    SLICE_X63Y61.CIN     net (fanout=1)        0.000   music_player/note_player/sin/Msub__sub0002_cy<7>
    SLICE_X63Y61.DMUX    Tcind                 0.402   music_player/note_player/sin/Msub__sub0002_cy<11>
                                                       music_player/note_player/sin/Msub__sub0002_cy<11>
    SLICE_X65Y63.B1      net (fanout=10)       1.041   music_player/note_player/sin/_sub0002<11>
    SLICE_X65Y63.B       Tilo                  0.094   N56
                                                       music_player/note_player/sin/Madd__not0001<15>21_SW1
    SLICE_X62Y63.B4      net (fanout=1)        0.523   N56
    SLICE_X62Y63.CMUX    Topbc                 0.673   music_player/note_player/sin/_sub0001<19>
                                                       music_player/note_player/sin/Madd__not0001<17>11
                                                       music_player/note_player/sin/Madd__sub0001_xor<19>
    SLICE_X61Y63.D1      net (fanout=1)        0.849   music_player/note_player/sin/_sub0001<18>
    SLICE_X61Y63.CLK     Tas                   0.028   music_player/note_player/sin/addr/q<18>
                                                       music_player/note_player/sin/nextAddr_18_mux0002
                                                       music_player/note_player/sin/addr/q_18
    -------------------------------------------------  ---------------------------
    Total                                      5.451ns (2.190ns logic, 3.261ns route)
                                                       (40.2% logic, 59.8% route)

--------------------------------------------------------------------------------
Slack (setup path):     4.390ns (requirement - (data path - clock path skew + uncertainty))
  Source:               music_player/mcu/playFlipFlop/q_0_1 (FF)
  Destination:          music_player/note_player/sin/addr/q_18 (FF)
  Requirement:          10.000ns
  Data Path Delay:      5.383ns (Levels of Logic = 5)
  Clock Path Skew:      -0.192ns (1.149 - 1.341)
  Source Clock:         clk_IBUF rising at 0.000ns
  Destination Clock:    clk_IBUF rising at 10.000ns
  Clock Uncertainty:    0.035ns

  Clock Uncertainty:          0.035ns  ((TSJ^2 + TIJ^2)^1/2 + DJ) / 2 + PE
    Total System Jitter (TSJ):  0.070ns
    Total Input Jitter (TIJ):   0.000ns
    Discrete Jitter (DJ):       0.000ns
    Phase Error (PE):           0.000ns

  Maximum Data Path: music_player/mcu/playFlipFlop/q_0_1 to music_player/note_player/sin/addr/q_18
    Location             Delay type         Delay(ns)  Physical Resource
                                                       Logical Resource(s)
    -------------------------------------------------  -------------------
    SLICE_X64Y58.CQ      Tcko                  0.471   music_player/mcu/playFlipFlop/q_0_1
                                                       music_player/mcu/playFlipFlop/q_0_1
    SLICE_X63Y60.C1      net (fanout=10)       0.879   music_player/mcu/playFlipFlop/q_0_1
    SLICE_X63Y60.COUT    Topcyc                0.423   music_player/note_player/sin/Msub__sub0002_cy<7>
                                                       music_player/note_player/sin/Msub__sub0002_lut<6>
                                                       music_player/note_player/sin/Msub__sub0002_cy<7>
    SLICE_X63Y61.CIN     net (fanout=1)        0.000   music_player/note_player/sin/Msub__sub0002_cy<7>
    SLICE_X63Y61.DMUX    Tcind                 0.402   music_player/note_player/sin/Msub__sub0002_cy<11>
                                                       music_player/note_player/sin/Msub__sub0002_cy<11>
    SLICE_X65Y63.B1      net (fanout=10)       1.041   music_player/note_player/sin/_sub0002<11>
    SLICE_X65Y63.B       Tilo                  0.094   N56
                                                       music_player/note_player/sin/Madd__not0001<15>21_SW1
    SLICE_X62Y63.B4      net (fanout=1)        0.523   N56
    SLICE_X62Y63.CMUX    Topbc                 0.673   music_player/note_player/sin/_sub0001<19>
                                                       music_player/note_player/sin/Madd__not0001<17>11
                                                       music_player/note_player/sin/Madd__sub0001_xor<19>
    SLICE_X61Y63.D1      net (fanout=1)        0.849   music_player/note_player/sin/_sub0001<18>
    SLICE_X61Y63.CLK     Tas                   0.028   music_player/note_player/sin/addr/q<18>
                                                       music_player/note_player/sin/nextAddr_18_mux0002
                                                       music_player/note_player/sin/addr/q_18
    -------------------------------------------------  ---------------------------
    Total                                      5.383ns (2.091ns logic, 3.292ns route)
                                                       (38.8% logic, 61.2% route)

--------------------------------------------------------------------------------
Slack (setup path):     4.418ns (requirement - (data path - clock path skew + uncertainty))
  Source:               music_player/mcu/playFlipFlop/q_0_1 (FF)
  Destination:          music_player/note_player/sin/addr/q_18 (FF)
  Requirement:          10.000ns
  Data Path Delay:      5.355ns (Levels of Logic = 5)
  Clock Path Skew:      -0.192ns (1.149 - 1.341)
  Source Clock:         clk_IBUF rising at 0.000ns
  Destination Clock:    clk_IBUF rising at 10.000ns
  Clock Uncertainty:    0.035ns

  Clock Uncertainty:          0.035ns  ((TSJ^2 + TIJ^2)^1/2 + DJ) / 2 + PE
    Total System Jitter (TSJ):  0.070ns
    Total Input Jitter (TIJ):   0.000ns
    Discrete Jitter (DJ):       0.000ns
    Phase Error (PE):           0.000ns

  Maximum Data Path: music_player/mcu/playFlipFlop/q_0_1 to music_player/note_player/sin/addr/q_18
    Location             Delay type         Delay(ns)  Physical Resource
                                                       Logical Resource(s)
    -------------------------------------------------  -------------------
    SLICE_X64Y58.CQ      Tcko                  0.471   music_player/mcu/playFlipFlop/q_0_1
                                                       music_player/mcu/playFlipFlop/q_0_1
    SLICE_X63Y60.D1      net (fanout=10)       0.882   music_player/mcu/playFlipFlop/q_0_1
    SLICE_X63Y60.COUT    Topcyd                0.392   music_player/note_player/sin/Msub__sub0002_cy<7>
                                                       music_player/note_player/sin/Msub__sub0002_lut<7>
                                                       music_player/note_player/sin/Msub__sub0002_cy<7>
    SLICE_X63Y61.CIN     net (fanout=1)        0.000   music_player/note_player/sin/Msub__sub0002_cy<7>
    SLICE_X63Y61.DMUX    Tcind                 0.402   music_player/note_player/sin/Msub__sub0002_cy<11>
                                                       music_player/note_player/sin/Msub__sub0002_cy<11>
    SLICE_X65Y63.B1      net (fanout=10)       1.041   music_player/note_player/sin/_sub0002<11>
    SLICE_X65Y63.B       Tilo                  0.094   N56
                                                       music_player/note_player/sin/Madd__not0001<15>21_SW1
    SLICE_X62Y63.B4      net (fanout=1)        0.523   N56
    SLICE_X62Y63.CMUX    Topbc                 0.673   music_player/note_player/sin/_sub0001<19>
                                                       music_player/note_player/sin/Madd__not0001<17>11
                                                       music_player/note_player/sin/Madd__sub0001_xor<19>
    SLICE_X61Y63.D1      net (fanout=1)        0.849   music_player/note_player/sin/_sub0001<18>
    SLICE_X61Y63.CLK     Tas                   0.028   music_player/note_player/sin/addr/q<18>
                                                       music_player/note_player/sin/nextAddr_18_mux0002
                                                       music_player/note_player/sin/addr/q_18
    -------------------------------------------------  ---------------------------
    Total                                      5.355ns (2.060ns logic, 3.295ns route)
                                                       (38.5% logic, 61.5% route)

--------------------------------------------------------------------------------

Paths for end point music_player/codec_conditioner/next_sample_latch/q_14 (SLICE_X54Y81.C1), 15 paths
--------------------------------------------------------------------------------
Slack (setup path):     4.323ns (requirement - (data path - clock path skew + uncertainty))
  Source:               music_player/note_player/sin/srom/Mrom__varindex0000 (RAM)
  Destination:          music_player/codec_conditioner/next_sample_latch/q_14 (FF)
  Requirement:          10.000ns
  Data Path Delay:      5.392ns (Levels of Logic = 5)
  Clock Path Skew:      -0.250ns (1.153 - 1.403)
  Source Clock:         clk_IBUF rising at 0.000ns
  Destination Clock:    clk_IBUF rising at 10.000ns
  Clock Uncertainty:    0.035ns

  Clock Uncertainty:          0.035ns  ((TSJ^2 + TIJ^2)^1/2 + DJ) / 2 + PE
    Total System Jitter (TSJ):  0.070ns
    Total Input Jitter (TIJ):   0.000ns
    Discrete Jitter (DJ):       0.000ns
    Phase Error (PE):           0.000ns

  Maximum Data Path: music_player/note_player/sin/srom/Mrom__varindex0000 to music_player/codec_conditioner/next_sample_latch/q_14
    Location             Delay type         Delay(ns)  Physical Resource
                                                       Logical Resource(s)
    -------------------------------------------------  -------------------
    RAMB36_X2Y15.DOADOL0 Trcko_DOWA            2.180   music_player/note_player/sin/srom/Mrom__varindex0000
                                                       music_player/note_player/sin/srom/Mrom__varindex0000
    SLICE_X55Y78.A3      net (fanout=2)        1.257   music_player/note_player/sin/sine_out<0>
    SLICE_X55Y78.COUT    Topcya                0.509   music_player/codec_conditioner/current_sample_latch/q<4>
                                                       music_player/note_player/sin/sine_out<0>_rt
                                                       music_player/note_player/sin/Madd_sample_addsub0000_cy<3>
    SLICE_X55Y79.CIN     net (fanout=1)        0.000   music_player/note_player/sin/Madd_sample_addsub0000_cy<3>
    SLICE_X55Y79.COUT    Tbyp                  0.104   music_player/note_player/sin/Madd_sample_addsub0000_cy<7>
                                                       music_player/note_player/sin/Madd_sample_addsub0000_cy<7>
    SLICE_X55Y80.CIN     net (fanout=1)        0.000   music_player/note_player/sin/Madd_sample_addsub0000_cy<7>
    SLICE_X55Y80.COUT    Tbyp                  0.104   music_player/note_player/sin/Madd_sample_addsub0000_cy<11>
                                                       music_player/note_player/sin/Madd_sample_addsub0000_cy<11>
    SLICE_X55Y81.CIN     net (fanout=1)        0.000   music_player/note_player/sin/Madd_sample_addsub0000_cy<11>
    SLICE_X55Y81.CMUX    Tcinc                 0.334   music_player/note_player/sin/sample_addsub0000<15>
                                                       music_player/note_player/sin/Madd_sample_addsub0000_xor<15>
    SLICE_X54Y81.C1      net (fanout=1)        0.875   music_player/note_player/sin/sample_addsub0000<14>
    SLICE_X54Y81.CLK     Tas                   0.029   music_player/codec_conditioner/next_sample_latch/q<15>
                                                       music_player/note_player/sin/sample<14>1
                                                       music_player/codec_conditioner/next_sample_latch/q_14
    -------------------------------------------------  ---------------------------
    Total                                      5.392ns (3.260ns logic, 2.132ns route)
                                                       (60.5% logic, 39.5% route)

--------------------------------------------------------------------------------
Slack (setup path):     4.409ns (requirement - (data path - clock path skew + uncertainty))
  Source:               music_player/note_player/sin/srom/Mrom__varindex0000 (RAM)
  Destination:          music_player/codec_conditioner/next_sample_latch/q_14 (FF)
  Requirement:          10.000ns
  Data Path Delay:      5.306ns (Levels of Logic = 3)
  Clock Path Skew:      -0.250ns (1.153 - 1.403)
  Source Clock:         clk_IBUF rising at 0.000ns
  Destination Clock:    clk_IBUF rising at 10.000ns
  Clock Uncertainty:    0.035ns

  Clock Uncertainty:          0.035ns  ((TSJ^2 + TIJ^2)^1/2 + DJ) / 2 + PE
    Total System Jitter (TSJ):  0.070ns
    Total Input Jitter (TIJ):   0.000ns
    Discrete Jitter (DJ):       0.000ns
    Phase Error (PE):           0.000ns

  Maximum Data Path: music_player/note_player/sin/srom/Mrom__varindex0000 to music_player/codec_conditioner/next_sample_latch/q_14
    Location             Delay type         Delay(ns)  Physical Resource
                                                       Logical Resource(s)
    -------------------------------------------------  -------------------
    RAMB36_X2Y15.DOADOL11Trcko_DOWA            2.180   music_player/note_player/sin/srom/Mrom__varindex0000
                                                       music_player/note_player/sin/srom/Mrom__varindex0000
    SLICE_X55Y80.D1      net (fanout=2)        1.496   music_player/note_player/sin/sine_out<11>
    SLICE_X55Y80.COUT    Topcyd                0.392   music_player/note_player/sin/Madd_sample_addsub0000_cy<11>
                                                       music_player/note_player/sin/Madd_sample_not0000<11>1_INV_0
                                                       music_player/note_player/sin/Madd_sample_addsub0000_cy<11>
    SLICE_X55Y81.CIN     net (fanout=1)        0.000   music_player/note_player/sin/Madd_sample_addsub0000_cy<11>
    SLICE_X55Y81.CMUX    Tcinc                 0.334   music_player/note_player/sin/sample_addsub0000<15>
                                                       music_player/note_player/sin/Madd_sample_addsub0000_xor<15>
    SLICE_X54Y81.C1      net (fanout=1)        0.875   music_player/note_player/sin/sample_addsub0000<14>
    SLICE_X54Y81.CLK     Tas                   0.029   music_player/codec_conditioner/next_sample_latch/q<15>
                                                       music_player/note_player/sin/sample<14>1
                                                       music_player/codec_conditioner/next_sample_latch/q_14
    -------------------------------------------------  ---------------------------
    Total                                      5.306ns (2.935ns logic, 2.371ns route)
                                                       (55.3% logic, 44.7% route)

--------------------------------------------------------------------------------
Slack (setup path):     4.411ns (requirement - (data path - clock path skew + uncertainty))
  Source:               music_player/note_player/sin/srom/Mrom__varindex0000 (RAM)
  Destination:          music_player/codec_conditioner/next_sample_latch/q_14 (FF)
  Requirement:          10.000ns
  Data Path Delay:      5.304ns (Levels of Logic = 5)
  Clock Path Skew:      -0.250ns (1.153 - 1.403)
  Source Clock:         clk_IBUF rising at 0.000ns
  Destination Clock:    clk_IBUF rising at 10.000ns
  Clock Uncertainty:    0.035ns

  Clock Uncertainty:          0.035ns  ((TSJ^2 + TIJ^2)^1/2 + DJ) / 2 + PE
    Total System Jitter (TSJ):  0.070ns
    Total Input Jitter (TIJ):   0.000ns
    Discrete Jitter (DJ):       0.000ns
    Phase Error (PE):           0.000ns

  Maximum Data Path: music_player/note_player/sin/srom/Mrom__varindex0000 to music_player/codec_conditioner/next_sample_latch/q_14
    Location             Delay type         Delay(ns)  Physical Resource
                                                       Logical Resource(s)
    -------------------------------------------------  -------------------
    RAMB36_X2Y15.DOADOL2 Trcko_DOWA            2.180   music_player/note_player/sin/srom/Mrom__varindex0000
                                                       music_player/note_player/sin/srom/Mrom__varindex0000
    SLICE_X55Y78.C2      net (fanout=2)        1.255   music_player/note_player/sin/sine_out<2>
    SLICE_X55Y78.COUT    Topcyc                0.423   music_player/codec_conditioner/current_sample_latch/q<4>
                                                       music_player/note_player/sin/Madd_sample_not0000<2>1_INV_0
                                                       music_player/note_player/sin/Madd_sample_addsub0000_cy<3>
    SLICE_X55Y79.CIN     net (fanout=1)        0.000   music_player/note_player/sin/Madd_sample_addsub0000_cy<3>
    SLICE_X55Y79.COUT    Tbyp                  0.104   music_player/note_player/sin/Madd_sample_addsub0000_cy<7>
                                                       music_player/note_player/sin/Madd_sample_addsub0000_cy<7>
    SLICE_X55Y80.CIN     net (fanout=1)        0.000   music_player/note_player/sin/Madd_sample_addsub0000_cy<7>
    SLICE_X55Y80.COUT    Tbyp                  0.104   music_player/note_player/sin/Madd_sample_addsub0000_cy<11>
                                                       music_player/note_player/sin/Madd_sample_addsub0000_cy<11>
    SLICE_X55Y81.CIN     net (fanout=1)        0.000   music_player/note_player/sin/Madd_sample_addsub0000_cy<11>
    SLICE_X55Y81.CMUX    Tcinc                 0.334   music_player/note_player/sin/sample_addsub0000<15>
                                                       music_player/note_player/sin/Madd_sample_addsub0000_xor<15>
    SLICE_X54Y81.C1      net (fanout=1)        0.875   music_player/note_player/sin/sample_addsub0000<14>
    SLICE_X54Y81.CLK     Tas                   0.029   music_player/codec_conditioner/next_sample_latch/q<15>
                                                       music_player/note_player/sin/sample<14>1
                                                       music_player/codec_conditioner/next_sample_latch/q_14
    -------------------------------------------------  ---------------------------
    Total                                      5.304ns (3.174ns logic, 2.130ns route)
                                                       (59.8% logic, 40.2% route)

--------------------------------------------------------------------------------

Paths for end point music_player/codec_conditioner/next_sample_latch/q_10 (SLICE_X54Y80.C1), 11 paths
--------------------------------------------------------------------------------
Slack (setup path):     4.429ns (requirement - (data path - clock path skew + uncertainty))
  Source:               music_player/note_player/sin/srom/Mrom__varindex0000 (RAM)
  Destination:          music_player/codec_conditioner/next_sample_latch/q_10 (FF)
  Requirement:          10.000ns
  Data Path Delay:      5.288ns (Levels of Logic = 4)
  Clock Path Skew:      -0.248ns (1.155 - 1.403)
  Source Clock:         clk_IBUF rising at 0.000ns
  Destination Clock:    clk_IBUF rising at 10.000ns
  Clock Uncertainty:    0.035ns

  Clock Uncertainty:          0.035ns  ((TSJ^2 + TIJ^2)^1/2 + DJ) / 2 + PE
    Total System Jitter (TSJ):  0.070ns
    Total Input Jitter (TIJ):   0.000ns
    Discrete Jitter (DJ):       0.000ns
    Phase Error (PE):           0.000ns

  Maximum Data Path: music_player/note_player/sin/srom/Mrom__varindex0000 to music_player/codec_conditioner/next_sample_latch/q_10
    Location             Delay type         Delay(ns)  Physical Resource
                                                       Logical Resource(s)
    -------------------------------------------------  -------------------
    RAMB36_X2Y15.DOADOL0 Trcko_DOWA            2.180   music_player/note_player/sin/srom/Mrom__varindex0000
                                                       music_player/note_player/sin/srom/Mrom__varindex0000
    SLICE_X55Y78.A3      net (fanout=2)        1.257   music_player/note_player/sin/sine_out<0>
    SLICE_X55Y78.COUT    Topcya                0.509   music_player/codec_conditioner/current_sample_latch/q<4>
                                                       music_player/note_player/sin/sine_out<0>_rt
                                                       music_player/note_player/sin/Madd_sample_addsub0000_cy<3>
    SLICE_X55Y79.CIN     net (fanout=1)        0.000   music_player/note_player/sin/Madd_sample_addsub0000_cy<3>
    SLICE_X55Y79.COUT    Tbyp                  0.104   music_player/note_player/sin/Madd_sample_addsub0000_cy<7>
                                                       music_player/note_player/sin/Madd_sample_addsub0000_cy<7>
    SLICE_X55Y80.CIN     net (fanout=1)        0.000   music_player/note_player/sin/Madd_sample_addsub0000_cy<7>
    SLICE_X55Y80.CMUX    Tcinc                 0.334   music_player/note_player/sin/Madd_sample_addsub0000_cy<11>
                                                       music_player/note_player/sin/Madd_sample_addsub0000_cy<11>
    SLICE_X54Y80.C1      net (fanout=1)        0.875   music_player/note_player/sin/sample_addsub0000<10>
    SLICE_X54Y80.CLK     Tas                   0.029   music_player/codec_conditioner/next_sample_latch/q<11>
                                                       music_player/note_player/sin/sample<10>1
                                                       music_player/codec_conditioner/next_sample_latch/q_10
    -------------------------------------------------  ---------------------------
    Total                                      5.288ns (3.156ns logic, 2.132ns route)
                                                       (59.7% logic, 40.3% route)

--------------------------------------------------------------------------------
Slack (setup path):     4.517ns (requirement - (data path - clock path skew + uncertainty))
  Source:               music_player/note_player/sin/srom/Mrom__varindex0000 (RAM)
  Destination:          music_player/codec_conditioner/next_sample_latch/q_10 (FF)
  Requirement:          10.000ns
  Data Path Delay:      5.200ns (Levels of Logic = 4)
  Clock Path Skew:      -0.248ns (1.155 - 1.403)
  Source Clock:         clk_IBUF rising at 0.000ns
  Destination Clock:    clk_IBUF rising at 10.000ns
  Clock Uncertainty:    0.035ns

  Clock Uncertainty:          0.035ns  ((TSJ^2 + TIJ^2)^1/2 + DJ) / 2 + PE
    Total System Jitter (TSJ):  0.070ns
    Total Input Jitter (TIJ):   0.000ns
    Discrete Jitter (DJ):       0.000ns
    Phase Error (PE):           0.000ns

  Maximum Data Path: music_player/note_player/sin/srom/Mrom__varindex0000 to music_player/codec_conditioner/next_sample_latch/q_10
    Location             Delay type         Delay(ns)  Physical Resource
                                                       Logical Resource(s)
    -------------------------------------------------  -------------------
    RAMB36_X2Y15.DOADOL2 Trcko_DOWA            2.180   music_player/note_player/sin/srom/Mrom__varindex0000
                                                       music_player/note_player/sin/srom/Mrom__varindex0000
    SLICE_X55Y78.C2      net (fanout=2)        1.255   music_player/note_player/sin/sine_out<2>
    SLICE_X55Y78.COUT    Topcyc                0.423   music_player/codec_conditioner/current_sample_latch/q<4>
                                                       music_player/note_player/sin/Madd_sample_not0000<2>1_INV_0
                                                       music_player/note_player/sin/Madd_sample_addsub0000_cy<3>
    SLICE_X55Y79.CIN     net (fanout=1)        0.000   music_player/note_player/sin/Madd_sample_addsub0000_cy<3>
    SLICE_X55Y79.COUT    Tbyp                  0.104   music_player/note_player/sin/Madd_sample_addsub0000_cy<7>
                                                       music_player/note_player/sin/Madd_sample_addsub0000_cy<7>
    SLICE_X55Y80.CIN     net (fanout=1)        0.000   music_player/note_player/sin/Madd_sample_addsub0000_cy<7>
    SLICE_X55Y80.CMUX    Tcinc                 0.334   music_player/note_player/sin/Madd_sample_addsub0000_cy<11>
                                                       music_player/note_player/sin/Madd_sample_addsub0000_cy<11>
    SLICE_X54Y80.C1      net (fanout=1)        0.875   music_player/note_player/sin/sample_addsub0000<10>
    SLICE_X54Y80.CLK     Tas                   0.029   music_player/codec_conditioner/next_sample_latch/q<11>
                                                       music_player/note_player/sin/sample<10>1
                                                       music_player/codec_conditioner/next_sample_latch/q_10
    -------------------------------------------------  ---------------------------
    Total                                      5.200ns (3.070ns logic, 2.130ns route)
                                                       (59.0% logic, 41.0% route)

--------------------------------------------------------------------------------
Slack (setup path):     4.529ns (requirement - (data path - clock path skew + uncertainty))
  Source:               music_player/note_player/sin/srom/Mrom__varindex0000 (RAM)
  Destination:          music_player/codec_conditioner/next_sample_latch/q_10 (FF)
  Requirement:          10.000ns
  Data Path Delay:      5.188ns (Levels of Logic = 3)
  Clock Path Skew:      -0.248ns (1.155 - 1.403)
  Source Clock:         clk_IBUF rising at 0.000ns
  Destination Clock:    clk_IBUF rising at 10.000ns
  Clock Uncertainty:    0.035ns

  Clock Uncertainty:          0.035ns  ((TSJ^2 + TIJ^2)^1/2 + DJ) / 2 + PE
    Total System Jitter (TSJ):  0.070ns
    Total Input Jitter (TIJ):   0.000ns
    Discrete Jitter (DJ):       0.000ns
    Phase Error (PE):           0.000ns

  Maximum Data Path: music_player/note_player/sin/srom/Mrom__varindex0000 to music_player/codec_conditioner/next_sample_latch/q_10
    Location             Delay type         Delay(ns)  Physical Resource
                                                       Logical Resource(s)
    -------------------------------------------------  -------------------
    RAMB36_X2Y15.DOADOL4 Trcko_DOWA            2.180   music_player/note_player/sin/srom/Mrom__varindex0000
                                                       music_player/note_player/sin/srom/Mrom__varindex0000
    SLICE_X55Y79.A3      net (fanout=2)        1.261   music_player/note_player/sin/sine_out<4>
    SLICE_X55Y79.COUT    Topcya                0.509   music_player/note_player/sin/Madd_sample_addsub0000_cy<7>
                                                       music_player/note_player/sin/Madd_sample_not0000<4>1_INV_0
                                                       music_player/note_player/sin/Madd_sample_addsub0000_cy<7>
    SLICE_X55Y80.CIN     net (fanout=1)        0.000   music_player/note_player/sin/Madd_sample_addsub0000_cy<7>
    SLICE_X55Y80.CMUX    Tcinc                 0.334   music_player/note_player/sin/Madd_sample_addsub0000_cy<11>
                                                       music_player/note_player/sin/Madd_sample_addsub0000_cy<11>
    SLICE_X54Y80.C1      net (fanout=1)        0.875   music_player/note_player/sin/sample_addsub0000<10>
    SLICE_X54Y80.CLK     Tas                   0.029   music_player/codec_conditioner/next_sample_latch/q<11>
                                                       music_player/note_player/sin/sample<10>1
                                                       music_player/codec_conditioner/next_sample_latch/q_10
    -------------------------------------------------  ---------------------------
    Total                                      5.188ns (3.052ns logic, 2.136ns route)
                                                       (58.8% logic, 41.2% route)

--------------------------------------------------------------------------------

Hold Paths: TS_clock = PERIOD TIMEGRP "clk" 10 ns HIGH 50%;
--------------------------------------------------------------------------------

Paths for end point music_player/codec_conditioner/current_sample_latch/q_8 (SLICE_X52Y80.AX), 1 path
--------------------------------------------------------------------------------
Slack (hold path):      0.465ns (requirement - (clock path skew + uncertainty - data path))
  Source:               music_player/codec_conditioner/next_sample_latch/q_8 (FF)
  Destination:          music_player/codec_conditioner/current_sample_latch/q_8 (FF)
  Requirement:          0.000ns
  Data Path Delay:      0.464ns (Levels of Logic = 0)
  Clock Path Skew:      -0.001ns (0.465 - 0.466)
  Source Clock:         clk_IBUF rising at 10.000ns
  Destination Clock:    clk_IBUF rising at 10.000ns
  Clock Uncertainty:    0.000ns

  Minimum Data Path: music_player/codec_conditioner/next_sample_latch/q_8 to music_player/codec_conditioner/current_sample_latch/q_8
    Location             Delay type         Delay(ns)  Physical Resource
                                                       Logical Resource(s)
    -------------------------------------------------  -------------------
    SLICE_X54Y80.AQ      Tcko                  0.414   music_player/codec_conditioner/next_sample_latch/q<11>
                                                       music_player/codec_conditioner/next_sample_latch/q_8
    SLICE_X52Y80.AX      net (fanout=2)        0.286   music_player/codec_conditioner/next_sample_latch/q<8>
    SLICE_X52Y80.CLK     Tckdi       (-Th)     0.236   music_player/codec_conditioner/current_sample_latch/q<11>
                                                       music_player/codec_conditioner/current_sample_latch/q_8
    -------------------------------------------------  ---------------------------
    Total                                      0.464ns (0.178ns logic, 0.286ns route)
                                                       (38.4% logic, 61.6% route)

--------------------------------------------------------------------------------

Paths for end point music_player/codec_conditioner/current_sample_latch/q_11 (SLICE_X52Y80.DX), 1 path
--------------------------------------------------------------------------------
Slack (hold path):      0.472ns (requirement - (clock path skew + uncertainty - data path))
  Source:               music_player/codec_conditioner/next_sample_latch/q_11 (FF)
  Destination:          music_player/codec_conditioner/current_sample_latch/q_11 (FF)
  Requirement:          0.000ns
  Data Path Delay:      0.471ns (Levels of Logic = 0)
  Clock Path Skew:      -0.001ns (0.465 - 0.466)
  Source Clock:         clk_IBUF rising at 10.000ns
  Destination Clock:    clk_IBUF rising at 10.000ns
  Clock Uncertainty:    0.000ns

  Minimum Data Path: music_player/codec_conditioner/next_sample_latch/q_11 to music_player/codec_conditioner/current_sample_latch/q_11
    Location             Delay type         Delay(ns)  Physical Resource
                                                       Logical Resource(s)
    -------------------------------------------------  -------------------
    SLICE_X54Y80.DQ      Tcko                  0.414   music_player/codec_conditioner/next_sample_latch/q<11>
                                                       music_player/codec_conditioner/next_sample_latch/q_11
    SLICE_X52Y80.DX      net (fanout=2)        0.287   music_player/codec_conditioner/next_sample_latch/q<11>
    SLICE_X52Y80.CLK     Tckdi       (-Th)     0.230   music_player/codec_conditioner/current_sample_latch/q<11>
                                                       music_player/codec_conditioner/current_sample_latch/q_11
    -------------------------------------------------  ---------------------------
    Total                                      0.471ns (0.184ns logic, 0.287ns route)
                                                       (39.1% logic, 60.9% route)

--------------------------------------------------------------------------------

Paths for end point codec/frame_2 (SLICE_X50Y77.BX), 1 path
--------------------------------------------------------------------------------
Slack (hold path):      0.486ns (requirement - (clock path skew + uncertainty - data path))
  Source:               codec/frame_1 (FF)
  Destination:          codec/frame_2 (FF)
  Requirement:          0.000ns
  Data Path Delay:      0.486ns (Levels of Logic = 0)
  Clock Path Skew:      0.000ns
  Source Clock:         clk_IBUF rising at 10.000ns
  Destination Clock:    clk_IBUF rising at 10.000ns
  Clock Uncertainty:    0.000ns

  Minimum Data Path: codec/frame_1 to codec/frame_2
    Location             Delay type         Delay(ns)  Physical Resource
                                                       Logical Resource(s)
    -------------------------------------------------  -------------------
    SLICE_X50Y77.AQ      Tcko                  0.414   codec/frame_3
                                                       codec/frame_1
    SLICE_X50Y77.BX      net (fanout=1)        0.303   codec/frame_1
    SLICE_X50Y77.CLK     Tckdi       (-Th)     0.231   codec/frame_3
                                                       codec/frame_2
    -------------------------------------------------  ---------------------------
    Total                                      0.486ns (0.183ns logic, 0.303ns route)
                                                       (37.7% logic, 62.3% route)

--------------------------------------------------------------------------------

Component Switching Limit Checks: TS_clock = PERIOD TIMEGRP "clk" 10 ns HIGH 50%;
--------------------------------------------------------------------------------
Slack: 7.778ns (period - min period limit)
  Period: 10.000ns
  Min period limit: 2.222ns (450.045MHz) (Trper_CLKA)
  Physical resource: music_player/note_player/sin/srom/Mrom__varindex0000/CLKAL
  Logical resource: music_player/note_player/sin/srom/Mrom__varindex0000/CLKAL
  Location pin: RAMB36_X2Y15.CLKARDCLKL
  Clock network: clk_IBUF
--------------------------------------------------------------------------------
Slack: 7.778ns (period - min period limit)
  Period: 10.000ns
  Min period limit: 2.222ns (450.045MHz) (Trper_CLKA)
  Physical resource: music_player/note_player/sin/srom/Mrom__varindex0000/REGCLKAL
  Logical resource: music_player/note_player/sin/srom/Mrom__varindex0000/REGCLKAL
  Location pin: RAMB36_X2Y15.REGCLKARDRCLKL
  Clock network: clk_IBUF
--------------------------------------------------------------------------------
Slack: 7.778ns (period - min period limit)
  Period: 10.000ns
  Min period limit: 2.222ns (450.045MHz) (Trper_CLKA)
  Physical resource: music_player/song_reader/songs/Mrom__varindex0000/CLKAL
  Logical resource: music_player/song_reader/songs/Mrom__varindex0000/CLKAL
  Location pin: RAMB36_X2Y11.CLKARDCLKL
  Clock network: clk_IBUF
--------------------------------------------------------------------------------


All constraints were met.


Data Sheet report:
-----------------
All values displayed in nanoseconds (ns)

Clock to Setup on destination clock clk
---------------+---------+---------+---------+---------+
               | Src:Rise| Src:Fall| Src:Rise| Src:Fall|
Source Clock   |Dest:Rise|Dest:Rise|Dest:Fall|Dest:Fall|
---------------+---------+---------+---------+---------+
clk            |    5.679|         |         |         |
---------------+---------+---------+---------+---------+


Timing summary:
---------------

Timing errors: 0  Score: 0  (Setup/Max: 0, Hold: 0)

Constraints cover 27404 paths, 0 nets, and 1562 connections

Design statistics:
   Minimum period:   5.679ns{1}   (Maximum frequency: 176.087MHz)


------------------------------------Footnotes-----------------------------------
1)  The minimum period statistic assumes all single cycle delays.

Analysis completed Sun Oct 28 22:23:13 2012 
--------------------------------------------------------------------------------

Trace Settings:
-------------------------
Trace Settings 

Peak Memory Usage: 295 MB



