Release 12.2 - xst M.63c (lin)
Copyright (c) 1995-2010 Xilinx, Inc.  All rights reserved.
--> 
Parameter TMPDIR set to xst/projnav.tmp


Total REAL time to Xst completion: 0.00 secs
Total CPU time to Xst completion: 0.05 secs
 
--> 
Parameter xsthdpdir set to xst


Total REAL time to Xst completion: 0.00 secs
Total CPU time to Xst completion: 0.05 secs
 
--> 
Reading design: mcu.prj

TABLE OF CONTENTS
  1) Synthesis Options Summary
  2) HDL Compilation
  3) Design Hierarchy Analysis
  4) HDL Analysis
  5) HDL Synthesis
     5.1) HDL Synthesis Report
  6) Advanced HDL Synthesis
     6.1) Advanced HDL Synthesis Report
  7) Low Level Synthesis
  8) Partition Report
  9) Final Report
	9.1) Device utilization summary
	9.2) Partition Resource Summary
	9.3) TIMING REPORT


=========================================================================
*                      Synthesis Options Summary                        *
=========================================================================
---- Source Parameters
Input File Name                    : "mcu.prj"
Input Format                       : mixed
Ignore Synthesis Constraint File   : NO

---- Target Parameters
Output File Name                   : "mcu"
Output Format                      : NGC
Target Device                      : xc5vlx110t-1-ff1136

---- Source Options
Top Module Name                    : mcu
Automatic FSM Extraction           : YES
FSM Encoding Algorithm             : Auto
Safe Implementation                : No
FSM Style                          : LUT
RAM Extraction                     : Yes
RAM Style                          : Auto
ROM Extraction                     : Yes
Mux Style                          : Auto
Decoder Extraction                 : YES
Priority Encoder Extraction        : Yes
Shift Register Extraction          : YES
Logical Shifter Extraction         : YES
XOR Collapsing                     : YES
ROM Style                          : Auto
Mux Extraction                     : Yes
Resource Sharing                   : YES
Asynchronous To Synchronous        : NO
Use DSP Block                      : Auto
Automatic Register Balancing       : No

---- Target Options
LUT Combining                      : Off
Reduce Control Sets                : Off
Add IO Buffers                     : YES
Global Maximum Fanout              : 100000
Add Generic Clock Buffer(BUFG)     : 32
Register Duplication               : YES
Slice Packing                      : YES
Optimize Instantiated Primitives   : NO
Use Clock Enable                   : Auto
Use Synchronous Set                : Auto
Use Synchronous Reset              : Auto
Pack IO Registers into IOBs        : Auto
Equivalent register Removal        : YES

---- General Options
Optimization Goal                  : Speed
Optimization Effort                : 1
Power Reduction                    : NO
Keep Hierarchy                     : No
Netlist Hierarchy                  : As_Optimized
RTL Output                         : Yes
Global Optimization                : AllClockNets
Read Cores                         : YES
Write Timing Constraints           : NO
Cross Clock Analysis               : NO
Hierarchy Separator                : /
Bus Delimiter                      : <>
Case Specifier                     : Maintain
Slice Utilization Ratio            : 100
BRAM Utilization Ratio             : 100
DSP48 Utilization Ratio            : 100
Verilog 2001                       : YES
Auto BRAM Packing                  : NO
Slice Utilization Ratio Delta      : 5

=========================================================================


=========================================================================
*                          HDL Compilation                              *
=========================================================================
Compiling verilog file "ff_lib.v" in library work
Module <dff> compiled
Module <dffr> compiled
Compiling verilog file "mcu.v" in library work
Module <dffre> compiled
Module <mcu> compiled
No errors in compilation
Analysis of file <"mcu.prj"> succeeded.
 

=========================================================================
*                     Design Hierarchy Analysis                         *
=========================================================================
Analyzing hierarchy for module <mcu> in library <work>.

Analyzing hierarchy for module <dffr> in library <work> with parameters.
	WIDTH = "00000000000000000000000000000010"

Analyzing hierarchy for module <dffr> in library <work> with parameters.
	WIDTH = "00000000000000000000000000000001"


=========================================================================
*                            HDL Analysis                               *
=========================================================================
Analyzing top module <mcu>.
Module <mcu> is correct for synthesis.
 
Analyzing module <dffr.1> in library <work>.
	WIDTH = 32'sb00000000000000000000000000000010
Module <dffr.1> is correct for synthesis.
 
Analyzing module <dffr.2> in library <work>.
	WIDTH = 32'sb00000000000000000000000000000001
Module <dffr.2> is correct for synthesis.
 

=========================================================================
*                           HDL Synthesis                               *
=========================================================================

Performing bidirectional port resolution...

Synthesizing Unit <dffr_1>.
    Related source file is "ff_lib.v".
    Found 2-bit register for signal <q>.
    Summary:
	inferred   2 D-type flip-flop(s).
Unit <dffr_1> synthesized.


Synthesizing Unit <dffr_2>.
    Related source file is "ff_lib.v".
    Found 1-bit register for signal <q<0>>.
    Summary:
	inferred   1 D-type flip-flop(s).
Unit <dffr_2> synthesized.


Synthesizing Unit <mcu>.
    Related source file is "mcu.v".
    Found 2-bit adder for signal <next_song$share0000>.
    Summary:
	inferred   1 Adder/Subtractor(s).
Unit <mcu> synthesized.

INFO:Xst:1767 - HDL ADVISOR - Resource sharing has identified that some arithmetic operations in this design can share the same physical resources for reduced device utilization. For improved clock frequency you may try to disable resource sharing.

=========================================================================
HDL Synthesis Report

Macro Statistics
# Adders/Subtractors                                   : 1
 2-bit adder                                           : 1
# Registers                                            : 2
 1-bit register                                        : 1
 2-bit register                                        : 1

=========================================================================

=========================================================================
*                       Advanced HDL Synthesis                          *
=========================================================================


=========================================================================
Advanced HDL Synthesis Report

Macro Statistics
# Adders/Subtractors                                   : 1
 2-bit adder                                           : 1
# Registers                                            : 3
 Flip-Flops                                            : 3

=========================================================================

=========================================================================
*                         Low Level Synthesis                           *
=========================================================================

Optimizing unit <mcu> ...

Mapping all equations...
Building and optimizing final netlist ...
Found area constraint ratio of 100 (+ 5) on block mcu, actual ratio is 0.

Final Macro Processing ...

=========================================================================
Final Register Report

Macro Statistics
# Registers                                            : 3
 Flip-Flops                                            : 3

=========================================================================

=========================================================================
*                           Partition Report                            *
=========================================================================

Partition Implementation Status
-------------------------------

  No Partitions were found in this design.

-------------------------------

=========================================================================
*                            Final Report                               *
=========================================================================
Final Results
RTL Top Level Output File Name     : mcu.ngr
Top Level Output File Name         : mcu
Output Format                      : NGC
Optimization Goal                  : Speed
Keep Hierarchy                     : No

Design Statistics
# IOs                              : 9

Cell Usage :
# BELS                             : 4
#      LUT4                        : 1
#      LUT5                        : 2
#      LUT6                        : 1
# FlipFlops/Latches                : 3
#      FDR                         : 3
# Clock Buffers                    : 1
#      BUFGP                       : 1
# IO Buffers                       : 8
#      IBUF                        : 4
#      OBUF                        : 4
=========================================================================

Device utilization summary:
---------------------------

Selected Device : 5vlx110tff1136-1 


Slice Logic Utilization: 
 Number of Slice Registers:               3  out of  69120     0%  
 Number of Slice LUTs:                    4  out of  69120     0%  
    Number used as Logic:                 4  out of  69120     0%  

Slice Logic Distribution: 
 Number of LUT Flip Flop pairs used:      7
   Number with an unused Flip Flop:       4  out of      7    57%  
   Number with an unused LUT:             3  out of      7    42%  
   Number of fully used LUT-FF pairs:     0  out of      7     0%  
   Number of unique control sets:         1

IO Utilization: 
 Number of IOs:                           9
 Number of bonded IOBs:                   9  out of    640     1%  

Specific Feature Utilization:
 Number of BUFG/BUFGCTRLs:                1  out of     32     3%  

---------------------------
Partition Resource Summary:
---------------------------

  No Partitions were found in this design.

---------------------------


=========================================================================
TIMING REPORT

NOTE: THESE TIMING NUMBERS ARE ONLY A SYNTHESIS ESTIMATE.
      FOR ACCURATE TIMING INFORMATION PLEASE REFER TO THE TRACE REPORT
      GENERATED AFTER PLACE-and-ROUTE.

Clock Information:
------------------
-----------------------------------+------------------------+-------+
Clock Signal                       | Clock buffer(FF name)  | Load  |
-----------------------------------+------------------------+-------+
clk                                | BUFGP                  | 3     |
-----------------------------------+------------------------+-------+

Asynchronous Control Signals Information:
----------------------------------------
No asynchronous control signals found in this design

Timing Summary:
---------------
Speed Grade: -1

   Minimum period: 1.146ns (Maximum Frequency: 872.600MHz)
   Minimum input arrival time before clock: 1.997ns
   Maximum output required time after clock: 3.270ns
   Maximum combinational path delay: 4.505ns

Timing Detail:
--------------
All values displayed in nanoseconds (ns)

=========================================================================
Timing constraint: Default period analysis for Clock 'clk'
  Clock period: 1.146ns (frequency: 872.600MHz)
  Total number of paths / destination ports: 4 / 3
-------------------------------------------------------------------------
Delay:               1.146ns (Levels of Logic = 1)
  Source:            songFlipFlop/q_1 (FF)
  Destination:       songFlipFlop/q_1 (FF)
  Source Clock:      clk rising
  Destination Clock: clk rising

  Data Path: songFlipFlop/q_1 to songFlipFlop/q_1
                                Gate     Net
    Cell:in->out      fanout   Delay   Delay  Logical Name (Net Name)
    ----------------------------------------  ------------
     FDR:C->Q              2   0.471   0.581  songFlipFlop/q_1 (songFlipFlop/q_1)
     LUT6:I4->O            1   0.094   0.000  next_song<1>1 (next_song<1>)
     FDR:D                    -0.018          songFlipFlop/q_1
    ----------------------------------------
    Total                      1.146ns (0.565ns logic, 0.581ns route)
                                       (49.3% logic, 50.7% route)

=========================================================================
Timing constraint: Default OFFSET IN BEFORE for Clock 'clk'
  Total number of paths / destination ports: 15 / 6
-------------------------------------------------------------------------
Offset:              1.997ns (Levels of Logic = 2)
  Source:            play_button (PAD)
  Destination:       songFlipFlop/q_1 (FF)
  Destination Clock: clk rising

  Data Path: play_button to songFlipFlop/q_1
                                Gate     Net
    Cell:in->out      fanout   Delay   Delay  Logical Name (Net Name)
    ----------------------------------------  ------------
     IBUF:I->O             4   0.818   1.085  play_button_IBUF (play_button_IBUF)
     LUT6:I0->O            1   0.094   0.000  next_song<1>1 (next_song<1>)
     FDR:D                    -0.018          songFlipFlop/q_1
    ----------------------------------------
    Total                      1.997ns (0.912ns logic, 1.085ns route)
                                       (45.7% logic, 54.3% route)

=========================================================================
Timing constraint: Default OFFSET OUT AFTER for Clock 'clk'
  Total number of paths / destination ports: 3 / 3
-------------------------------------------------------------------------
Offset:              3.270ns (Levels of Logic = 1)
  Source:            songFlipFlop/q_0 (FF)
  Destination:       song<0> (PAD)
  Source Clock:      clk rising

  Data Path: songFlipFlop/q_0 to song<0>
                                Gate     Net
    Cell:in->out      fanout   Delay   Delay  Logical Name (Net Name)
    ----------------------------------------  ------------
     FDR:C->Q              3   0.471   0.347  songFlipFlop/q_0 (songFlipFlop/q_0)
     OBUF:I->O                 2.452          song_0_OBUF (song<0>)
    ----------------------------------------
    Total                      3.270ns (2.923ns logic, 0.347ns route)
                                       (89.4% logic, 10.6% route)

=========================================================================
Timing constraint: Default path analysis
  Total number of paths / destination ports: 4 / 1
-------------------------------------------------------------------------
Delay:               4.505ns (Levels of Logic = 3)
  Source:            play_button (PAD)
  Destination:       reset_player (PAD)

  Data Path: play_button to reset_player
                                Gate     Net
    Cell:in->out      fanout   Delay   Delay  Logical Name (Net Name)
    ----------------------------------------  ------------
     IBUF:I->O             4   0.818   0.805  play_button_IBUF (play_button_IBUF)
     LUT4:I0->O            1   0.094   0.336  reset_player_reg1 (reset_player_OBUF)
     OBUF:I->O                 2.452          reset_player_OBUF (reset_player)
    ----------------------------------------
    Total                      4.505ns (3.364ns logic, 1.141ns route)
                                       (74.7% logic, 25.3% route)

=========================================================================


Total REAL time to Xst completion: 4.00 secs
Total CPU time to Xst completion: 3.47 secs
 
--> 


Total memory usage is 167384 kilobytes

Number of errors   :    0 (   0 filtered)
Number of warnings :    0 (   0 filtered)
Number of infos    :    1 (   0 filtered)

