Release 12.2 - xst M.63c (lin)
Copyright (c) 1995-2010 Xilinx, Inc.  All rights reserved.
--> 
Parameter TMPDIR set to xst/projnav.tmp


Total REAL time to Xst completion: 0.00 secs
Total CPU time to Xst completion: 0.06 secs
 
--> 
Parameter xsthdpdir set to xst


Total REAL time to Xst completion: 0.00 secs
Total CPU time to Xst completion: 0.06 secs
 
--> 
Reading design: lab3_top.prj

TABLE OF CONTENTS
  1) Synthesis Options Summary
  2) HDL Compilation
  3) Design Hierarchy Analysis
  4) HDL Analysis
  5) HDL Synthesis
     5.1) HDL Synthesis Report
  6) Advanced HDL Synthesis
     6.1) Advanced HDL Synthesis Report
  7) Low Level Synthesis
  8) Partition Report
  9) Final Report
	9.1) Device utilization summary
	9.2) Partition Resource Summary
	9.3) TIMING REPORT


=========================================================================
*                      Synthesis Options Summary                        *
=========================================================================
---- Source Parameters
Input File Name                    : "lab3_top.prj"
Input Format                       : mixed
Ignore Synthesis Constraint File   : NO

---- Target Parameters
Output File Name                   : "lab3_top"
Output Format                      : NGC
Target Device                      : xc5vlx110t-3-ff1136

---- Source Options
Top Module Name                    : lab3_top
Automatic FSM Extraction           : YES
FSM Encoding Algorithm             : Auto
Safe Implementation                : No
FSM Style                          : LUT
RAM Extraction                     : Yes
RAM Style                          : Auto
ROM Extraction                     : Yes
Mux Style                          : Auto
Decoder Extraction                 : YES
Priority Encoder Extraction        : Yes
Shift Register Extraction          : YES
Logical Shifter Extraction         : YES
XOR Collapsing                     : YES
ROM Style                          : Auto
Mux Extraction                     : Yes
Resource Sharing                   : YES
Asynchronous To Synchronous        : NO
Use DSP Block                      : Auto
Automatic Register Balancing       : No

---- Target Options
LUT Combining                      : Off
Reduce Control Sets                : Off
Add IO Buffers                     : YES
Global Maximum Fanout              : 100000
Add Generic Clock Buffer(BUFG)     : 32
Register Duplication               : YES
Slice Packing                      : YES
Optimize Instantiated Primitives   : NO
Use Clock Enable                   : Auto
Use Synchronous Set                : Auto
Use Synchronous Reset              : Auto
Pack IO Registers into IOBs        : Auto
Equivalent register Removal        : YES

---- General Options
Optimization Goal                  : Speed
Optimization Effort                : 1
Power Reduction                    : NO
Keep Hierarchy                     : No
Netlist Hierarchy                  : As_Optimized
RTL Output                         : Yes
Global Optimization                : AllClockNets
Read Cores                         : YES
Write Timing Constraints           : NO
Cross Clock Analysis               : NO
Hierarchy Separator                : /
Bus Delimiter                      : <>
Case Specifier                     : Maintain
Slice Utilization Ratio            : 100
BRAM Utilization Ratio             : 100
DSP48 Utilization Ratio            : 100
Verilog 2001                       : YES
Auto BRAM Packing                  : NO
Slice Utilization Ratio Delta      : 5

=========================================================================


=========================================================================
*                          HDL Compilation                              *
=========================================================================
Compiling verilog file "ff_lib.v" in library work
Module <dff> compiled
Module <dffr> compiled
Compiling verilog file "timer.v" in library work
Module <dffre> compiled
Compiling verilog file "shifter.v" in library work
Module <timer> compiled
Compiling verilog file "one_pulse.v" in library work
Module <shifter> compiled
Compiling verilog file "blinker.v" in library work
Module <one_pulse> compiled
Compiling verilog file "programmable_blinker(1).v" in library work
Module <blinker> compiled
Compiling verilog file "master_fsm.v" in library work
Module <programmable_blinker> compiled
Compiling verilog file "debouncer.v" in library work
Module <master_fsm> compiled
Compiling verilog file "brute_force_synchronizer.v" in library work
Module <debouncer> compiled
Compiling verilog file "beat32.v" in library work
Module <brute_force_synchronizer> compiled
Compiling verilog file "button_press_unit.v" in library work
Module <beat32> compiled
Compiling verilog file "bicycle_fsm.v" in library work
Module <button_press_unit> compiled
Compiling verilog file "lab3_top.v" in library work
Module <bicycle_fsm> compiled
Module <lab3_top> compiled
No errors in compilation
Analysis of file <"lab3_top.prj"> succeeded.
 

=========================================================================
*                     Design Hierarchy Analysis                         *
=========================================================================
Analyzing hierarchy for module <lab3_top> in library <work>.

Analyzing hierarchy for module <button_press_unit> in library <work> with parameters.
	WIDTH = "00000000000000000000000000010100"

Analyzing hierarchy for module <bicycle_fsm> in library <work>.

Analyzing hierarchy for module <brute_force_synchronizer> in library <work>.

Analyzing hierarchy for module <debouncer> in library <work> with parameters.
	WIDTH = "00000000000000000000000000010100"

Analyzing hierarchy for module <one_pulse> in library <work>.

Analyzing hierarchy for module <master_fsm> in library <work>.

Analyzing hierarchy for module <beat32> in library <work>.

Analyzing hierarchy for module <programmable_blinker> in library <work>.

Analyzing hierarchy for module <dff> in library <work> with parameters.
	WIDTH = "00000000000000000000000000000001"

Analyzing hierarchy for module <dffr> in library <work> with parameters.
	WIDTH = "00000000000000000000000000010100"

Analyzing hierarchy for module <dffr> in library <work> with parameters.
	WIDTH = "00000000000000000000000000000010"

Analyzing hierarchy for module <dffr> in library <work> with parameters.
	WIDTH = "00000000000000000000000000000001"

Analyzing hierarchy for module <dffr> in library <work> with parameters.
	WIDTH = "011"

Analyzing hierarchy for module <one_pulse> in library <work>.

Analyzing hierarchy for module <dffr> in library <work> with parameters.
	WIDTH = "00000000000000000000000000010110"

Analyzing hierarchy for module <shifter> in library <work>.

Analyzing hierarchy for module <timer> in library <work>.

Analyzing hierarchy for module <blinker> in library <work>.

Analyzing hierarchy for module <dffr> in library <work> with parameters.
	WIDTH = "00000000000000000000000000000001"

Analyzing hierarchy for module <dffr> in library <work> with parameters.
	WIDTH = "100"

Analyzing hierarchy for module <dffr> in library <work> with parameters.
	WIDTH = "00000000000000000000000000001001"

Analyzing hierarchy for module <dffre> in library <work> with parameters.
	WIDTH = "00000000000000000000000000000001"


=========================================================================
*                            HDL Analysis                               *
=========================================================================
Analyzing top module <lab3_top>.
Module <lab3_top> is correct for synthesis.
 
Analyzing module <button_press_unit> in library <work>.
	WIDTH = 32'sb00000000000000000000000000010100
Module <button_press_unit> is correct for synthesis.
 
Analyzing module <brute_force_synchronizer> in library <work>.
Module <brute_force_synchronizer> is correct for synthesis.
 
Analyzing module <dff> in library <work>.
	WIDTH = 32'sb00000000000000000000000000000001
Module <dff> is correct for synthesis.
 
Analyzing module <debouncer> in library <work>.
	WIDTH = 32'sb00000000000000000000000000010100
Module <debouncer> is correct for synthesis.
 
Analyzing module <dffr.1> in library <work>.
	WIDTH = 32'sb00000000000000000000000000010100
Module <dffr.1> is correct for synthesis.
 
Analyzing module <dffr.2> in library <work>.
	WIDTH = 32'sb00000000000000000000000000000010
Module <dffr.2> is correct for synthesis.
 
Analyzing module <one_pulse> in library <work>.
Module <one_pulse> is correct for synthesis.
 
Analyzing module <dffr.3> in library <work>.
	WIDTH = 32'sb00000000000000000000000000000001
Module <dffr.3> is correct for synthesis.
 
Analyzing module <bicycle_fsm> in library <work>.
Module <bicycle_fsm> is correct for synthesis.
 
Analyzing module <master_fsm> in library <work>.
Module <master_fsm> is correct for synthesis.
 
Analyzing module <dffr.4> in library <work>.
	WIDTH = 3'b011
Module <dffr.4> is correct for synthesis.
 
Analyzing module <beat32> in library <work>.
Module <beat32> is correct for synthesis.
 
Analyzing module <dffr.5> in library <work>.
	WIDTH = 32'sb00000000000000000000000000010110
Module <dffr.5> is correct for synthesis.
 
Analyzing module <programmable_blinker> in library <work>.
Module <programmable_blinker> is correct for synthesis.
 
Analyzing module <shifter> in library <work>.
Module <shifter> is correct for synthesis.
 
Analyzing module <dffr.6> in library <work>.
	WIDTH = 3'b100
Module <dffr.6> is correct for synthesis.
 
Analyzing module <timer> in library <work>.
Module <timer> is correct for synthesis.
 
Analyzing module <dffr.7> in library <work>.
	WIDTH = 32'sb00000000000000000000000000001001
Module <dffr.7> is correct for synthesis.
 
Analyzing module <blinker> in library <work>.
Module <blinker> is correct for synthesis.
 
Analyzing module <dffre> in library <work>.
	WIDTH = 32'sb00000000000000000000000000000001
Module <dffre> is correct for synthesis.
 

=========================================================================
*                           HDL Synthesis                               *
=========================================================================

Performing bidirectional port resolution...

Synthesizing Unit <dff>.
    Related source file is "ff_lib.v".
    Found 1-bit register for signal <q<0>>.
    Summary:
	inferred   1 D-type flip-flop(s).
Unit <dff> synthesized.


Synthesizing Unit <dffr_1>.
    Related source file is "ff_lib.v".
    Found 20-bit register for signal <q>.
    Summary:
	inferred  20 D-type flip-flop(s).
Unit <dffr_1> synthesized.


Synthesizing Unit <dffr_2>.
    Related source file is "ff_lib.v".
    Found 2-bit register for signal <q>.
    Summary:
	inferred   2 D-type flip-flop(s).
Unit <dffr_2> synthesized.


Synthesizing Unit <dffr_3>.
    Related source file is "ff_lib.v".
    Found 1-bit register for signal <q<0>>.
    Summary:
	inferred   1 D-type flip-flop(s).
Unit <dffr_3> synthesized.


Synthesizing Unit <dffr_4>.
    Related source file is "ff_lib.v".
    Found 3-bit register for signal <q>.
    Summary:
	inferred   3 D-type flip-flop(s).
Unit <dffr_4> synthesized.


Synthesizing Unit <dffr_5>.
    Related source file is "ff_lib.v".
    Found 22-bit register for signal <q>.
    Summary:
	inferred  22 D-type flip-flop(s).
Unit <dffr_5> synthesized.


Synthesizing Unit <dffr_6>.
    Related source file is "ff_lib.v".
    Found 4-bit register for signal <q>.
    Summary:
	inferred   4 D-type flip-flop(s).
Unit <dffr_6> synthesized.


Synthesizing Unit <dffr_7>.
    Related source file is "ff_lib.v".
    Found 9-bit register for signal <q>.
    Summary:
	inferred   9 D-type flip-flop(s).
Unit <dffr_7> synthesized.


Synthesizing Unit <dffre>.
    Related source file is "ff_lib.v".
    Found 1-bit register for signal <q<0>>.
    Summary:
	inferred   1 D-type flip-flop(s).
Unit <dffre> synthesized.


Synthesizing Unit <brute_force_synchronizer>.
    Related source file is "brute_force_synchronizer.v".
Unit <brute_force_synchronizer> synthesized.


Synthesizing Unit <debouncer>.
    Related source file is "debouncer.v".
    Found 4x1-bit ROM for signal <out>.
    Found 20-bit adder for signal <$add0000> created at line 22.
    Summary:
	inferred   1 ROM(s).
	inferred   1 Adder/Subtractor(s).
Unit <debouncer> synthesized.


Synthesizing Unit <one_pulse>.
    Related source file is "one_pulse.v".
Unit <one_pulse> synthesized.


Synthesizing Unit <beat32>.
    Related source file is "beat32.v".
    Found 22-bit adder for signal <next$addsub0000> created at line 27.
    Summary:
	inferred   1 Adder/Subtractor(s).
Unit <beat32> synthesized.


Synthesizing Unit <shifter>.
    Related source file is "shifter.v".
Unit <shifter> synthesized.


Synthesizing Unit <timer>.
    Related source file is "timer.v".
    Found 9-bit subtractor for signal <counter_in$addsub0000> created at line 35.
    Found 9-bit comparator greater for signal <timer_out$cmp_gt0000> created at line 33.
    Summary:
	inferred   1 Adder/Subtractor(s).
	inferred   1 Comparator(s).
Unit <timer> synthesized.


Synthesizing Unit <blinker>.
    Related source file is "blinker.v".
Unit <blinker> synthesized.


Synthesizing Unit <button_press_unit>.
    Related source file is "button_press_unit.v".
Unit <button_press_unit> synthesized.


Synthesizing Unit <master_fsm>.
    Related source file is "master_fsm.v".
Unit <master_fsm> synthesized.


Synthesizing Unit <programmable_blinker>.
    Related source file is "programmable_blinker(1).v".
Unit <programmable_blinker> synthesized.


Synthesizing Unit <bicycle_fsm>.
    Related source file is "bicycle_fsm.v".
Unit <bicycle_fsm> synthesized.


Synthesizing Unit <lab3_top>.
    Related source file is "lab3_top.v".
Unit <lab3_top> synthesized.


=========================================================================
HDL Synthesis Report

Macro Statistics
# ROMs                                                 : 3
 4x1-bit ROM                                           : 3
# Adders/Subtractors                                   : 6
 20-bit adder                                          : 3
 22-bit adder                                          : 1
 9-bit subtractor                                      : 2
# Registers                                            : 28
 1-bit register                                        : 16
 2-bit register                                        : 3
 20-bit register                                       : 3
 22-bit register                                       : 1
 3-bit register                                        : 1
 4-bit register                                        : 2
 9-bit register                                        : 2
# Comparators                                          : 2
 9-bit comparator greater                              : 2

=========================================================================

=========================================================================
*                       Advanced HDL Synthesis                          *
=========================================================================


=========================================================================
Advanced HDL Synthesis Report

Macro Statistics
# ROMs                                                 : 3
 4x1-bit ROM                                           : 3
# Adders/Subtractors                                   : 6
 20-bit adder                                          : 3
 22-bit adder                                          : 1
 9-bit subtractor                                      : 2
# Registers                                            : 133
 Flip-Flops                                            : 133
# Comparators                                          : 2
 9-bit comparator greater                              : 2

=========================================================================

=========================================================================
*                         Low Level Synthesis                           *
=========================================================================

Optimizing unit <lab3_top> ...

Optimizing unit <dffr_5> ...

Optimizing unit <dffr_7> ...

Optimizing unit <debouncer> ...

Optimizing unit <beat32> ...

Optimizing unit <shifter> ...

Optimizing unit <timer> ...

Optimizing unit <master_fsm> ...

Optimizing unit <bicycle_fsm> ...

Mapping all equations...
Building and optimizing final netlist ...
Found area constraint ratio of 100 (+ 5) on block lab3_top, actual ratio is 0.

Final Macro Processing ...

Processing Unit <lab3_top> :
	Found 3-bit shift register for signal <bpu_down/sync/ff3/q_0>.
	Found 3-bit shift register for signal <bpu_up/sync/ff3/q_0>.
	Found 3-bit shift register for signal <bpu_right/sync/ff3/q_0>.
Unit <lab3_top> processed.

=========================================================================
Final Register Report

Macro Statistics
# Registers                                            : 124
 Flip-Flops                                            : 124
# Shift Registers                                      : 3
 3-bit shift register                                  : 3

=========================================================================

=========================================================================
*                           Partition Report                            *
=========================================================================

Partition Implementation Status
-------------------------------

  No Partitions were found in this design.

-------------------------------

=========================================================================
*                            Final Report                               *
=========================================================================
Final Results
RTL Top Level Output File Name     : lab3_top.ngr
Top Level Output File Name         : lab3_top
Output Format                      : NGC
Optimization Goal                  : Speed
Keep Hierarchy                     : No

Design Statistics
# IOs                              : 13

Cell Usage :
# BELS                             : 374
#      GND                         : 1
#      INV                         : 4
#      LUT1                        : 78
#      LUT2                        : 10
#      LUT3                        : 11
#      LUT4                        : 18
#      LUT5                        : 18
#      LUT6                        : 73
#      MUXCY                       : 78
#      VCC                         : 1
#      XORCY                       : 82
# FlipFlops/Latches                : 127
#      FDE                         : 3
#      FDR                         : 122
#      FDRS                        : 2
# Shift Registers                  : 3
#      SRLC16E                     : 3
# Clock Buffers                    : 1
#      BUFGP                       : 1
# IO Buffers                       : 12
#      IBUF                        : 4
#      OBUF                        : 8
=========================================================================

Device utilization summary:
---------------------------

Selected Device : 5vlx110tff1136-3 


Slice Logic Utilization: 
 Number of Slice Registers:             127  out of  69120     0%  
 Number of Slice LUTs:                  215  out of  69120     0%  
    Number used as Logic:               212  out of  69120     0%  
    Number used as Memory:                3  out of  17920     0%  
       Number used as SRL:                3

Slice Logic Distribution: 
 Number of LUT Flip Flop pairs used:    217
   Number with an unused Flip Flop:      90  out of    217    41%  
   Number with an unused LUT:             2  out of    217     0%  
   Number of fully used LUT-FF pairs:   125  out of    217    57%  
   Number of unique control sets:         6

IO Utilization: 
 Number of IOs:                          13
 Number of bonded IOBs:                  13  out of    640     2%  

Specific Feature Utilization:
 Number of BUFG/BUFGCTRLs:                1  out of     32     3%  

---------------------------
Partition Resource Summary:
---------------------------

  No Partitions were found in this design.

---------------------------


=========================================================================
TIMING REPORT

NOTE: THESE TIMING NUMBERS ARE ONLY A SYNTHESIS ESTIMATE.
      FOR ACCURATE TIMING INFORMATION PLEASE REFER TO THE TRACE REPORT
      GENERATED AFTER PLACE-and-ROUTE.

Clock Information:
------------------
-----------------------------------+------------------------+-------+
Clock Signal                       | Clock buffer(FF name)  | Load  |
-----------------------------------+------------------------+-------+
clk                                | BUFGP                  | 130   |
-----------------------------------+------------------------+-------+

Asynchronous Control Signals Information:
----------------------------------------
No asynchronous control signals found in this design

Timing Summary:
---------------
Speed Grade: -3

   Minimum period: 2.578ns (Maximum Frequency: 387.822MHz)
   Minimum input arrival time before clock: 2.291ns
   Maximum output required time after clock: 3.683ns
   Maximum combinational path delay: No path found

Timing Detail:
--------------
All values displayed in nanoseconds (ns)

=========================================================================
Timing constraint: Default period analysis for Clock 'clk'
  Clock period: 2.578ns (frequency: 387.822MHz)
  Total number of paths / destination ports: 2557 / 187
-------------------------------------------------------------------------
Delay:               2.578ns (Levels of Logic = 3)
  Source:            bicycle_fsm/hbeat/flip/q_0 (FF)
  Destination:       bicycle_fsm/slowBlink/timer_instance/timer_ff/q_3 (FF)
  Source Clock:      clk rising
  Destination Clock: clk rising

  Data Path: bicycle_fsm/hbeat/flip/q_0 to bicycle_fsm/slowBlink/timer_instance/timer_ff/q_3
                                Gate     Net
    Cell:in->out      fanout   Delay   Delay  Logical Name (Net Name)
    ----------------------------------------  ------------
     FDR:C->Q              2   0.396   0.854  bicycle_fsm/hbeat/flip/q_0 (bicycle_fsm/hbeat/flip/q_0)
     LUT6:I0->O           24   0.086   0.635  bicycle_fsm/hbeat/count_en_cmp_eq000010 (bicycle_fsm/hbeat/count_en_cmp_eq000010)
     LUT5:I2->O            1   0.086   0.436  bicycle_fsm/hbeat/count_en1 (bicycle_fsm/heartBeat)
     LUT6:I4->O            1   0.086   0.000  bicycle_fsm/slowBlink/timer_instance/timer_ff/q_3_rstpot (bicycle_fsm/slowBlink/timer_instance/timer_ff/q_3_rstpot)
     FDR:D                    -0.022          bicycle_fsm/slowBlink/timer_instance/timer_ff/q_3
    ----------------------------------------
    Total                      2.578ns (0.654ns logic, 1.924ns route)
                                       (25.4% logic, 74.6% route)

=========================================================================
Timing constraint: Default OFFSET IN BEFORE for Clock 'clk'
  Total number of paths / destination ports: 183 / 178
-------------------------------------------------------------------------
Offset:              2.291ns (Levels of Logic = 3)
  Source:            left_button (PAD)
  Destination:       bicycle_fsm/fastBlink/timer_instance/timer_ff/q_8 (FF)
  Destination Clock: clk rising

  Data Path: left_button to bicycle_fsm/fastBlink/timer_instance/timer_ff/q_8
                                Gate     Net
    Cell:in->out      fanout   Delay   Delay  Logical Name (Net Name)
    ----------------------------------------  ------------
     IBUF:I->O           117   0.694   0.868  left_button_IBUF (left_button_IBUF)
     LUT6:I1->O            3   0.086   0.557  bicycle_fsm/fastBlink/timer_instance/counter_in<5>1_SW0 (N48)
     LUT6:I3->O            1   0.086   0.000  bicycle_fsm/fastBlink/timer_instance/counter_in<5>1 (bicycle_fsm/fastBlink/timer_instance/counter_in<5>)
     FDR:D                    -0.022          bicycle_fsm/fastBlink/timer_instance/timer_ff/q_5
    ----------------------------------------
    Total                      2.291ns (0.866ns logic, 1.425ns route)
                                       (37.8% logic, 62.2% route)

=========================================================================
Timing constraint: Default OFFSET OUT AFTER for Clock 'clk'
  Total number of paths / destination ports: 40 / 8
-------------------------------------------------------------------------
Offset:              3.683ns (Levels of Logic = 2)
  Source:            bicycle_fsm/fsm/flop/q_0 (FF)
  Destination:       leds<7> (PAD)
  Source Clock:      clk rising

  Data Path: bicycle_fsm/fsm/flop/q_0 to leds<7>
                                Gate     Net
    Cell:in->out      fanout   Delay   Delay  Logical Name (Net Name)
    ----------------------------------------  ------------
     FDR:C->Q              8   0.396   0.795  bicycle_fsm/fsm/flop/q_0 (bicycle_fsm/fsm/flop/q_0)
     LUT5:I0->O            8   0.086   0.262  bicycle_fsm/mux_output1 (leds_0_OBUF)
     OBUF:I->O                 2.144          leds_7_OBUF (leds<7>)
    ----------------------------------------
    Total                      3.683ns (2.626ns logic, 1.057ns route)
                                       (71.3% logic, 28.7% route)

=========================================================================


Total REAL time to Xst completion: 6.00 secs
Total CPU time to Xst completion: 5.11 secs
 
--> 


Total memory usage is 170672 kilobytes

Number of errors   :    0 (   0 filtered)
Number of warnings :    0 (   0 filtered)
Number of infos    :    0 (   0 filtered)

